This file contains any messages produced by compilers while
running configure, to aid debugging if configure makes a mistake.

It was created by libungif configure 4.1.4, which was
generated by GNU Autoconf 2.59.  Invocation command line was

  $ ./configure --host=arm-linux CC=arm-linux-gcc --prefix=/home/cadtc/tiny4412/experiment/day4/3-application-exerise/panel_screen/libpng-1.4.1

## --------- ##
## Platform. ##
## --------- ##

hostname = slash-huang
uname -m = x86_64
uname -r = 3.8.0-35-generic
uname -s = Linux
uname -v = #50~precise1-Ubuntu SMP Wed Dec 4 17:25:51 UTC 2013

/usr/bin/uname -p = unknown
/bin/uname -X     = unknown

/bin/arch              = unknown
/usr/bin/arch -k       = unknown
/usr/convex/getsysinfo = unknown
hostinfo               = unknown
/bin/machine           = unknown
/usr/bin/oslevel       = unknown
/bin/universe          = unknown

PATH: /home/slash/bin
PATH: /usr/local/arm_linux_4.2/bin
PATH: /usr/lib/lightdm/lightdm
PATH: /usr/local/sbin
PATH: /usr/local/bin
PATH: /usr/sbin
PATH: /usr/bin
PATH: /sbin
PATH: /bin
PATH: /usr/games
PATH: /opt/microchip/xc16/v1.26/bin
PATH: /opt/microchip/xc16/v1.26/bin
PATH: /home/cadtc/tiny4412/experiment/opt/FriendlyARM/toolschain/4.5.1/bin


## ----------- ##
## Core tests. ##
## ----------- ##

configure:1557: checking for a BSD-compatible install
configure:1612: result: /usr/bin/install -c
configure:1623: checking whether build environment is sane
configure:1666: result: yes
configure:1731: checking for gawk
configure:1747: found /usr/bin/gawk
configure:1757: result: gawk
configure:1767: checking whether make sets $(MAKE)
configure:1787: result: yes
configure:1863: checking for arm-linux-strip
configure:1879: found /home/cadtc/tiny4412/experiment/opt/FriendlyARM/toolschain/4.5.1/bin/arm-linux-strip
configure:1889: result: arm-linux-strip
configure:2036: checking build system type
configure:2054: result: x86_64-unknown-linux-gnu
configure:2062: checking host system type
configure:2076: result: arm-unknown-linux-gnu
configure:2096: checking for style of include used by make
configure:2124: result: GNU
configure:2157: checking for arm-linux-gcc
configure:2183: result: arm-linux-gcc
configure:2465: checking for C compiler version
configure:2468: arm-linux-gcc --version </dev/null >&5
arm-linux-gcc (ctng-1.8.1-FA) 4.5.1
Copyright (C) 2010 Free Software Foundation, Inc.
This is free software; see the source for copying conditions.  There is NO
warranty; not even for MERCHANTABILITY or FITNESS FOR A PARTICULAR PURPOSE.

configure:2471: $? = 0
configure:2473: arm-linux-gcc -v </dev/null >&5
Using built-in specs.
COLLECT_GCC=arm-linux-gcc
COLLECT_LTO_WRAPPER=/home/slash/work/tiny4412_src/tiny4412/experiment/opt/FriendlyARM/toolschain/4.5.1/bin/../libexec/gcc/arm-none-linux-gnueabi/4.5.1/lto-wrapper
Target: arm-none-linux-gnueabi
Configured with: /work/toolchain/build/src/gcc-4.5.1/configure --build=i686-build_pc-linux-gnu --host=i686-build_pc-linux-gnu --target=arm-none-linux-gnueabi --prefix=/opt/FriendlyARM/toolschain/4.5.1 --with-sysroot=/opt/FriendlyARM/toolschain/4.5.1/arm-none-linux-gnueabi/sys-root --enable-languages=c,c++ --disable-multilib --with-cpu=arm1176jzf-s --with-tune=arm1176jzf-s --with-fpu=vfp --with-float=softfp --with-pkgversion=ctng-1.8.1-FA --with-bugurl=http://www.arm9.net/ --disable-sjlj-exceptions --enable-__cxa_atexit --disable-libmudflap --with-host-libstdcxx='-static-libgcc -Wl,-Bstatic,-lstdc++,-Bdynamic -lm' --with-gmp=/work/toolchain/build/arm-none-linux-gnueabi/build/static --with-mpfr=/work/toolchain/build/arm-none-linux-gnueabi/build/static --with-ppl=/work/toolchain/build/arm-none-linux-gnueabi/build/static --with-cloog=/work/toolchain/build/arm-none-linux-gnueabi/build/static --with-mpc=/work/toolchain/build/arm-none-linux-gnueabi/build/static --with-libelf=/work/toolchain/build/arm-none-linux-gnueabi/build/static --enable-threads=posix --with-local-prefix=/opt/FriendlyARM/toolschain/4.5.1/arm-none-linux-gnueabi/sys-root --disable-nls --enable-symvers=gnu --enable-c99 --enable-long-long
Thread model: posix
gcc version 4.5.1 (ctng-1.8.1-FA) 
configure:2476: $? = 0
configure:2478: arm-linux-gcc -V </dev/null >&5
arm-linux-gcc: '-V' option must have argument
configure:2481: $? = 1
configure:2504: checking for C compiler default output file name
configure:2507: arm-linux-gcc    conftest.c  >&5
configure:2510: $? = 0
configure:2556: result: a.out
configure:2561: checking whether the C compiler works
configure:2567: ./a.out
./configure: line 2568: ./a.out: cannot execute binary file
configure:2570: $? = 126
configure:2587: result: yes
configure:2594: checking whether we are cross compiling
configure:2596: result: yes
configure:2599: checking for suffix of executables
configure:2601: arm-linux-gcc -o conftest    conftest.c  >&5
configure:2604: $? = 0
configure:2629: result: 
configure:2635: checking for suffix of object files
configure:2656: arm-linux-gcc -c   conftest.c >&5
configure:2659: $? = 0
configure:2681: result: o
configure:2685: checking whether we are using the GNU C compiler
configure:2709: arm-linux-gcc -c   conftest.c >&5
configure:2715: $? = 0
configure:2719: test -z 
			 || test ! -s conftest.err
configure:2722: $? = 0
configure:2725: test -s conftest.o
configure:2728: $? = 0
configure:2741: result: yes
configure:2747: checking whether arm-linux-gcc accepts -g
configure:2768: arm-linux-gcc -c -g  conftest.c >&5
configure:2774: $? = 0
configure:2778: test -z 
			 || test ! -s conftest.err
configure:2781: $? = 0
configure:2784: test -s conftest.o
configure:2787: $? = 0
configure:2798: result: yes
configure:2815: checking for arm-linux-gcc option to accept ANSI C
configure:2885: arm-linux-gcc  -c -g -O2  conftest.c >&5
configure:2891: $? = 0
configure:2895: test -z 
			 || test ! -s conftest.err
configure:2898: $? = 0
configure:2901: test -s conftest.o
configure:2904: $? = 0
configure:2922: result: none needed
configure:2940: arm-linux-gcc -c -g -O2  conftest.c >&5
conftest.c:2:9: error: expected '=', ',', ';', 'asm' or '__attribute__' before 'me'
configure:2946: $? = 1
configure: failed program was:
| #ifndef __cplusplus
|   choke me
| #endif
configure:3081: checking dependency style of arm-linux-gcc
configure:3171: result: gcc3
configure:3188: checking for a sed that does not truncate output
configure:3242: result: /bin/sed
configure:3245: checking for egrep
configure:3255: result: grep -E
configure:3271: checking for ld used by arm-linux-gcc
configure:3338: result: /home/slash/work/tiny4412_src/tiny4412/experiment/opt/FriendlyARM/toolschain/4.5.1/arm-none-linux-gnueabi/bin/ld
configure:3347: checking if the linker (/home/slash/work/tiny4412_src/tiny4412/experiment/opt/FriendlyARM/toolschain/4.5.1/arm-none-linux-gnueabi/bin/ld) is GNU ld
configure:3362: result: yes
configure:3367: checking for /home/slash/work/tiny4412_src/tiny4412/experiment/opt/FriendlyARM/toolschain/4.5.1/arm-none-linux-gnueabi/bin/ld option to reload object files
configure:3374: result: -r
configure:3392: checking for BSD-compatible nm
configure:3434: result: /home/cadtc/tiny4412/experiment/opt/FriendlyARM/toolschain/4.5.1/bin/arm-linux-nm -B
configure:3438: checking whether ln -s works
configure:3442: result: yes
configure:3449: checking how to recognise dependent libraries
configure:3621: result: pass_all
configure:3835: checking how to run the C preprocessor
configure:3953: result: arm-linux-cpp
configure:3977: arm-linux-cpp  conftest.c
configure:3983: $? = 0
configure:4015: arm-linux-cpp  conftest.c
conftest.c:11:28: fatal error: ac_nonexistent.h: No such file or directory
compilation terminated.
configure:4021: $? = 1
configure: failed program was:
| /* confdefs.h.  */
| 
| #define PACKAGE_NAME "libungif"
| #define PACKAGE_TARNAME "libungif"
| #define PACKAGE_VERSION "4.1.4"
| #define PACKAGE_STRING "libungif 4.1.4"
| #define PACKAGE_BUGREPORT "abadger1999@sourceforge.net"
| #define PACKAGE "libungif"
| #define VERSION "4.1.4"
| /* end confdefs.h.  */
| #include <ac_nonexistent.h>
configure:4065: checking for ANSI C header files
configure:4090: arm-linux-gcc -c -g -O2  conftest.c >&5
configure:4096: $? = 0
configure:4100: test -z 
			 || test ! -s conftest.err
configure:4103: $? = 0
configure:4106: test -s conftest.o
configure:4109: $? = 0
configure:4221: result: yes
configure:4245: checking for sys/types.h
configure:4261: arm-linux-gcc -c -g -O2  conftest.c >&5
configure:4267: $? = 0
configure:4271: test -z 
			 || test ! -s conftest.err
configure:4274: $? = 0
configure:4277: test -s conftest.o
configure:4280: $? = 0
configure:4291: result: yes
configure:4245: checking for sys/stat.h
configure:4261: arm-linux-gcc -c -g -O2  conftest.c >&5
configure:4267: $? = 0
configure:4271: test -z 
			 || test ! -s conftest.err
configure:4274: $? = 0
configure:4277: test -s conftest.o
configure:4280: $? = 0
configure:4291: result: yes
configure:4245: checking for stdlib.h
configure:4261: arm-linux-gcc -c -g -O2  conftest.c >&5
configure:4267: $? = 0
configure:4271: test -z 
			 || test ! -s conftest.err
configure:4274: $? = 0
configure:4277: test -s conftest.o
configure:4280: $? = 0
configure:4291: result: yes
configure:4245: checking for string.h
configure:4261: arm-linux-gcc -c -g -O2  conftest.c >&5
configure:4267: $? = 0
configure:4271: test -z 
			 || test ! -s conftest.err
configure:4274: $? = 0
configure:4277: test -s conftest.o
configure:4280: $? = 0
configure:4291: result: yes
configure:4245: checking for memory.h
configure:4261: arm-linux-gcc -c -g -O2  conftest.c >&5
configure:4267: $? = 0
configure:4271: test -z 
			 || test ! -s conftest.err
configure:4274: $? = 0
configure:4277: test -s conftest.o
configure:4280: $? = 0
configure:4291: result: yes
configure:4245: checking for strings.h
configure:4261: arm-linux-gcc -c -g -O2  conftest.c >&5
configure:4267: $? = 0
configure:4271: test -z 
			 || test ! -s conftest.err
configure:4274: $? = 0
configure:4277: test -s conftest.o
configure:4280: $? = 0
configure:4291: result: yes
configure:4245: checking for inttypes.h
configure:4261: arm-linux-gcc -c -g -O2  conftest.c >&5
configure:4267: $? = 0
configure:4271: test -z 
			 || test ! -s conftest.err
configure:4274: $? = 0
configure:4277: test -s conftest.o
configure:4280: $? = 0
configure:4291: result: yes
configure:4245: checking for stdint.h
configure:4261: arm-linux-gcc -c -g -O2  conftest.c >&5
configure:4267: $? = 0
configure:4271: test -z 
			 || test ! -s conftest.err
configure:4274: $? = 0
configure:4277: test -s conftest.o
configure:4280: $? = 0
configure:4291: result: yes
configure:4245: checking for unistd.h
configure:4261: arm-linux-gcc -c -g -O2  conftest.c >&5
configure:4267: $? = 0
configure:4271: test -z 
			 || test ! -s conftest.err
configure:4274: $? = 0
configure:4277: test -s conftest.o
configure:4280: $? = 0
configure:4291: result: yes
configure:4317: checking dlfcn.h usability
configure:4329: arm-linux-gcc -c -g -O2  conftest.c >&5
configure:4335: $? = 0
configure:4339: test -z 
			 || test ! -s conftest.err
configure:4342: $? = 0
configure:4345: test -s conftest.o
configure:4348: $? = 0
configure:4358: result: yes
configure:4362: checking dlfcn.h presence
configure:4372: arm-linux-cpp  conftest.c
configure:4378: $? = 0
configure:4398: result: yes
configure:4433: checking for dlfcn.h
configure:4440: result: yes
configure:4463: checking for arm-linux-g++
configure:4489: result: arm-linux-cpp
configure:4547: checking for C++ compiler version
configure:4550: arm-linux-cpp --version </dev/null >&5
arm-linux-cpp (ctng-1.8.1-FA) 4.5.1
Copyright (C) 2010 Free Software Foundation, Inc.
This is free software; see the source for copying conditions.  There is NO
warranty; not even for MERCHANTABILITY or FITNESS FOR A PARTICULAR PURPOSE.

configure:4553: $? = 0
configure:4555: arm-linux-cpp -v </dev/null >&5
Using built-in specs.
COLLECT_GCC=arm-linux-cpp
COLLECT_LTO_WRAPPER=/home/slash/work/tiny4412_src/tiny4412/experiment/opt/FriendlyARM/toolschain/4.5.1/bin/../libexec/gcc/arm-none-linux-gnueabi/4.5.1/lto-wrapper
Target: arm-none-linux-gnueabi
Configured with: /work/toolchain/build/src/gcc-4.5.1/configure --build=i686-build_pc-linux-gnu --host=i686-build_pc-linux-gnu --target=arm-none-linux-gnueabi --prefix=/opt/FriendlyARM/toolschain/4.5.1 --with-sysroot=/opt/FriendlyARM/toolschain/4.5.1/arm-none-linux-gnueabi/sys-root --enable-languages=c,c++ --disable-multilib --with-cpu=arm1176jzf-s --with-tune=arm1176jzf-s --with-fpu=vfp --with-float=softfp --with-pkgversion=ctng-1.8.1-FA --with-bugurl=http://www.arm9.net/ --disable-sjlj-exceptions --enable-__cxa_atexit --disable-libmudflap --with-host-libstdcxx='-static-libgcc -Wl,-Bstatic,-lstdc++,-Bdynamic -lm' --with-gmp=/work/toolchain/build/arm-none-linux-gnueabi/build/static --with-mpfr=/work/toolchain/build/arm-none-linux-gnueabi/build/static --with-ppl=/work/toolchain/build/arm-none-linux-gnueabi/build/static --with-cloog=/work/toolchain/build/arm-none-linux-gnueabi/build/static --with-mpc=/work/toolchain/build/arm-none-linux-gnueabi/build/static --with-libelf=/work/toolchain/build/arm-none-linux-gnueabi/build/static --enable-threads=posix --with-local-prefix=/opt/FriendlyARM/toolschain/4.5.1/arm-none-linux-gnueabi/sys-root --disable-nls --enable-symvers=gnu --enable-c99 --enable-long-long
Thread model: posix
gcc version 4.5.1 (ctng-1.8.1-FA) 
COLLECT_GCC_OPTIONS='-E' '-v' '-mcpu=arm1176jzf-s' '-mfloat-abi=softfp' '-mfpu=vfp'
 /home/slash/work/tiny4412_src/tiny4412/experiment/opt/FriendlyARM/toolschain/4.5.1/bin/../libexec/gcc/arm-none-linux-gnueabi/4.5.1/cc1 -E -quiet -v -iprefix /home/slash/work/tiny4412_src/tiny4412/experiment/opt/FriendlyARM/toolschain/4.5.1/bin/../lib/gcc/arm-none-linux-gnueabi/4.5.1/ -isysroot /home/slash/work/tiny4412_src/tiny4412/experiment/opt/FriendlyARM/toolschain/4.5.1/bin/../arm-none-linux-gnueabi/sys-root - -mcpu=arm1176jzf-s -mfloat-abi=softfp -mfpu=vfp
ignoring nonexistent directory "/home/slash/work/tiny4412_src/tiny4412/experiment/opt/FriendlyARM/toolschain/4.5.1/bin/../arm-none-linux-gnueabi/sys-root/opt/FriendlyARM/toolschain/4.5.1/arm-none-linux-gnueabi/sys-root/include"
ignoring duplicate directory "/home/slash/work/tiny4412_src/tiny4412/experiment/opt/FriendlyARM/toolschain/4.5.1/bin/../lib/gcc/../../lib/gcc/arm-none-linux-gnueabi/4.5.1/include"
ignoring duplicate directory "/home/slash/work/tiny4412_src/tiny4412/experiment/opt/FriendlyARM/toolschain/4.5.1/bin/../lib/gcc/../../lib/gcc/arm-none-linux-gnueabi/4.5.1/include-fixed"
ignoring duplicate directory "/home/slash/work/tiny4412_src/tiny4412/experiment/opt/FriendlyARM/toolschain/4.5.1/bin/../lib/gcc/../../lib/gcc/arm-none-linux-gnueabi/4.5.1/../../../../arm-none-linux-gnueabi/include"
ignoring duplicate directory "/home/slash/work/tiny4412_src/tiny4412/experiment/opt/FriendlyARM/toolschain/4.5.1/bin/../arm-none-linux-gnueabi/sys-root/usr/include"
#include "..." search starts here:
#include <...> search starts here:
 /home/slash/work/tiny4412_src/tiny4412/experiment/opt/FriendlyARM/toolschain/4.5.1/bin/../lib/gcc/arm-none-linux-gnueabi/4.5.1/include
 /home/slash/work/tiny4412_src/tiny4412/experiment/opt/FriendlyARM/toolschain/4.5.1/bin/../lib/gcc/arm-none-linux-gnueabi/4.5.1/include-fixed
 /home/slash/work/tiny4412_src/tiny4412/experiment/opt/FriendlyARM/toolschain/4.5.1/bin/../lib/gcc/arm-none-linux-gnueabi/4.5.1/../../../../arm-none-linux-gnueabi/include
End of search list.
# 1 "<stdin>"
# 1 "<built-in>"
# 1 "<command-line>"
# 1 "<stdin>"
COMPILER_PATH=/home/slash/work/tiny4412_src/tiny4412/experiment/opt/FriendlyARM/toolschain/4.5.1/bin/../libexec/gcc/arm-none-linux-gnueabi/4.5.1/:/home/slash/work/tiny4412_src/tiny4412/experiment/opt/FriendlyARM/toolschain/4.5.1/bin/../libexec/gcc/:/home/slash/work/tiny4412_src/tiny4412/experiment/opt/FriendlyARM/toolschain/4.5.1/bin/../lib/gcc/arm-none-linux-gnueabi/4.5.1/../../../../arm-none-linux-gnueabi/bin/
LIBRARY_PATH=/home/slash/work/tiny4412_src/tiny4412/experiment/opt/FriendlyARM/toolschain/4.5.1/bin/../lib/gcc/arm-none-linux-gnueabi/4.5.1/:/home/slash/work/tiny4412_src/tiny4412/experiment/opt/FriendlyARM/toolschain/4.5.1/bin/../lib/gcc/:/home/slash/work/tiny4412_src/tiny4412/experiment/opt/FriendlyARM/toolschain/4.5.1/bin/../lib/gcc/arm-none-linux-gnueabi/4.5.1/../../../../arm-none-linux-gnueabi/lib/:/home/slash/work/tiny4412_src/tiny4412/experiment/opt/FriendlyARM/toolschain/4.5.1/bin/../arm-none-linux-gnueabi/sys-root/lib/:/home/slash/work/tiny4412_src/tiny4412/experiment/opt/FriendlyARM/toolschain/4.5.1/bin/../arm-none-linux-gnueabi/sys-root/usr/lib/
COLLECT_GCC_OPTIONS='-E' '-v' '-mcpu=arm1176jzf-s' '-mfloat-abi=softfp' '-mfpu=vfp'
configure:4558: $? = 0
configure:4560: arm-linux-cpp -V </dev/null >&5
arm-linux-cpp: '-V' option must have argument
configure:4563: $? = 1
configure:4566: checking whether we are using the GNU C++ compiler
configure:4590: arm-linux-cpp -c   conftest.cc >&5
arm-linux-cpp: "-c" is not a valid option to the preprocessor
configure:4596: $? = 1
configure: failed program was:
| /* confdefs.h.  */
| 
| #define PACKAGE_NAME "libungif"
| #define PACKAGE_TARNAME "libungif"
| #define PACKAGE_VERSION "4.1.4"
| #define PACKAGE_STRING "libungif 4.1.4"
| #define PACKAGE_BUGREPORT "abadger1999@sourceforge.net"
| #define PACKAGE "libungif"
| #define VERSION "4.1.4"
| #define STDC_HEADERS 1
| #define HAVE_SYS_TYPES_H 1
| #define HAVE_SYS_STAT_H 1
| #define HAVE_STDLIB_H 1
| #define HAVE_STRING_H 1
| #define HAVE_MEMORY_H 1
| #define HAVE_STRINGS_H 1
| #define HAVE_INTTYPES_H 1
| #define HAVE_STDINT_H 1
| #define HAVE_UNISTD_H 1
| #define HAVE_DLFCN_H 1
| /* end confdefs.h.  */
| 
| int
| main ()
| {
| #ifndef __GNUC__
|        choke me
| #endif
| 
|   ;
|   return 0;
| }
configure:4622: result: no
configure:4628: checking whether arm-linux-cpp accepts -g
configure:4649: arm-linux-cpp -c -g  conftest.cc >&5
arm-linux-cpp: "-c" is not a valid option to the preprocessor
configure:4655: $? = 1
configure: failed program was:
| /* confdefs.h.  */
| 
| #define PACKAGE_NAME "libungif"
| #define PACKAGE_TARNAME "libungif"
| #define PACKAGE_VERSION "4.1.4"
| #define PACKAGE_STRING "libungif 4.1.4"
| #define PACKAGE_BUGREPORT "abadger1999@sourceforge.net"
| #define PACKAGE "libungif"
| #define VERSION "4.1.4"
| #define STDC_HEADERS 1
| #define HAVE_SYS_TYPES_H 1
| #define HAVE_SYS_STAT_H 1
| #define HAVE_STDLIB_H 1
| #define HAVE_STRING_H 1
| #define HAVE_MEMORY_H 1
| #define HAVE_STRINGS_H 1
| #define HAVE_INTTYPES_H 1
| #define HAVE_STDINT_H 1
| #define HAVE_UNISTD_H 1
| #define HAVE_DLFCN_H 1
| /* end confdefs.h.  */
| 
| int
| main ()
| {
| 
|   ;
|   return 0;
| }
configure:4679: result: no
configure:4721: arm-linux-cpp -c   conftest.cc >&5
arm-linux-cpp: "-c" is not a valid option to the preprocessor
configure:4727: $? = 1
configure: failed program was:
| /* confdefs.h.  */
| 
| #define PACKAGE_NAME "libungif"
| #define PACKAGE_TARNAME "libungif"
| #define PACKAGE_VERSION "4.1.4"
| #define PACKAGE_STRING "libungif 4.1.4"
| #define PACKAGE_BUGREPORT "abadger1999@sourceforge.net"
| #define PACKAGE "libungif"
| #define VERSION "4.1.4"
| #define STDC_HEADERS 1
| #define HAVE_SYS_TYPES_H 1
| #define HAVE_SYS_STAT_H 1
| #define HAVE_STDLIB_H 1
| #define HAVE_STRING_H 1
| #define HAVE_MEMORY_H 1
| #define HAVE_STRINGS_H 1
| #define HAVE_INTTYPES_H 1
| #define HAVE_STDINT_H 1
| #define HAVE_UNISTD_H 1
| #define HAVE_DLFCN_H 1
| /* end confdefs.h.  */
| 
| #include <stdlib.h>
| int
| main ()
| {
| exit (42);
|   ;
|   return 0;
| }
configure:4721: arm-linux-cpp -c   conftest.cc >&5
arm-linux-cpp: "-c" is not a valid option to the preprocessor
configure:4727: $? = 1
configure: failed program was:
| /* confdefs.h.  */
| 
| #define PACKAGE_NAME "libungif"
| #define PACKAGE_TARNAME "libungif"
| #define PACKAGE_VERSION "4.1.4"
| #define PACKAGE_STRING "libungif 4.1.4"
| #define PACKAGE_BUGREPORT "abadger1999@sourceforge.net"
| #define PACKAGE "libungif"
| #define VERSION "4.1.4"
| #define STDC_HEADERS 1
| #define HAVE_SYS_TYPES_H 1
| #define HAVE_SYS_STAT_H 1
| #define HAVE_STDLIB_H 1
| #define HAVE_STRING_H 1
| #define HAVE_MEMORY_H 1
| #define HAVE_STRINGS_H 1
| #define HAVE_INTTYPES_H 1
| #define HAVE_STDINT_H 1
| #define HAVE_UNISTD_H 1
| #define HAVE_DLFCN_H 1
| /* end confdefs.h.  */
| extern "C" void std::exit (int) throw (); using std::exit;
| #include <stdlib.h>
| int
| main ()
| {
| exit (42);
|   ;
|   return 0;
| }
configure:4721: arm-linux-cpp -c   conftest.cc >&5
arm-linux-cpp: "-c" is not a valid option to the preprocessor
configure:4727: $? = 1
configure: failed program was:
| /* confdefs.h.  */
| 
| #define PACKAGE_NAME "libungif"
| #define PACKAGE_TARNAME "libungif"
| #define PACKAGE_VERSION "4.1.4"
| #define PACKAGE_STRING "libungif 4.1.4"
| #define PACKAGE_BUGREPORT "abadger1999@sourceforge.net"
| #define PACKAGE "libungif"
| #define VERSION "4.1.4"
| #define STDC_HEADERS 1
| #define HAVE_SYS_TYPES_H 1
| #define HAVE_SYS_STAT_H 1
| #define HAVE_STDLIB_H 1
| #define HAVE_STRING_H 1
| #define HAVE_MEMORY_H 1
| #define HAVE_STRINGS_H 1
| #define HAVE_INTTYPES_H 1
| #define HAVE_STDINT_H 1
| #define HAVE_UNISTD_H 1
| #define HAVE_DLFCN_H 1
| /* end confdefs.h.  */
| extern "C" void std::exit (int); using std::exit;
| #include <stdlib.h>
| int
| main ()
| {
| exit (42);
|   ;
|   return 0;
| }
configure:4721: arm-linux-cpp -c   conftest.cc >&5
arm-linux-cpp: "-c" is not a valid option to the preprocessor
configure:4727: $? = 1
configure: failed program was:
| /* confdefs.h.  */
| 
| #define PACKAGE_NAME "libungif"
| #define PACKAGE_TARNAME "libungif"
| #define PACKAGE_VERSION "4.1.4"
| #define PACKAGE_STRING "libungif 4.1.4"
| #define PACKAGE_BUGREPORT "abadger1999@sourceforge.net"
| #define PACKAGE "libungif"
| #define VERSION "4.1.4"
| #define STDC_HEADERS 1
| #define HAVE_SYS_TYPES_H 1
| #define HAVE_SYS_STAT_H 1
| #define HAVE_STDLIB_H 1
| #define HAVE_STRING_H 1
| #define HAVE_MEMORY_H 1
| #define HAVE_STRINGS_H 1
| #define HAVE_INTTYPES_H 1
| #define HAVE_STDINT_H 1
| #define HAVE_UNISTD_H 1
| #define HAVE_DLFCN_H 1
| /* end confdefs.h.  */
| extern "C" void exit (int) throw ();
| #include <stdlib.h>
| int
| main ()
| {
| exit (42);
|   ;
|   return 0;
| }
configure:4721: arm-linux-cpp -c   conftest.cc >&5
arm-linux-cpp: "-c" is not a valid option to the preprocessor
configure:4727: $? = 1
configure: failed program was:
| /* confdefs.h.  */
| 
| #define PACKAGE_NAME "libungif"
| #define PACKAGE_TARNAME "libungif"
| #define PACKAGE_VERSION "4.1.4"
| #define PACKAGE_STRING "libungif 4.1.4"
| #define PACKAGE_BUGREPORT "abadger1999@sourceforge.net"
| #define PACKAGE "libungif"
| #define VERSION "4.1.4"
| #define STDC_HEADERS 1
| #define HAVE_SYS_TYPES_H 1
| #define HAVE_SYS_STAT_H 1
| #define HAVE_STDLIB_H 1
| #define HAVE_STRING_H 1
| #define HAVE_MEMORY_H 1
| #define HAVE_STRINGS_H 1
| #define HAVE_INTTYPES_H 1
| #define HAVE_STDINT_H 1
| #define HAVE_UNISTD_H 1
| #define HAVE_DLFCN_H 1
| /* end confdefs.h.  */
| extern "C" void exit (int);
| #include <stdlib.h>
| int
| main ()
| {
| exit (42);
|   ;
|   return 0;
| }
configure:4721: arm-linux-cpp -c   conftest.cc >&5
arm-linux-cpp: "-c" is not a valid option to the preprocessor
configure:4727: $? = 1
configure: failed program was:
| /* confdefs.h.  */
| 
| #define PACKAGE_NAME "libungif"
| #define PACKAGE_TARNAME "libungif"
| #define PACKAGE_VERSION "4.1.4"
| #define PACKAGE_STRING "libungif 4.1.4"
| #define PACKAGE_BUGREPORT "abadger1999@sourceforge.net"
| #define PACKAGE "libungif"
| #define VERSION "4.1.4"
| #define STDC_HEADERS 1
| #define HAVE_SYS_TYPES_H 1
| #define HAVE_SYS_STAT_H 1
| #define HAVE_STDLIB_H 1
| #define HAVE_STRING_H 1
| #define HAVE_MEMORY_H 1
| #define HAVE_STRINGS_H 1
| #define HAVE_INTTYPES_H 1
| #define HAVE_STDINT_H 1
| #define HAVE_UNISTD_H 1
| #define HAVE_DLFCN_H 1
| /* end confdefs.h.  */
| void exit (int);
| #include <stdlib.h>
| int
| main ()
| {
| exit (42);
|   ;
|   return 0;
| }
configure:4810: checking dependency style of arm-linux-cpp
configure:4900: result: none
configure:4927: checking how to run the C++ preprocessor
configure:4958: arm-linux-cpp -E  conftest.cc
configure:4964: $? = 0
configure:4996: arm-linux-cpp -E  conftest.cc
conftest.cc:25:28: fatal error: ac_nonexistent.h: No such file or directory
compilation terminated.
configure:5002: $? = 1
configure: failed program was:
| /* confdefs.h.  */
| 
| #define PACKAGE_NAME "libungif"
| #define PACKAGE_TARNAME "libungif"
| #define PACKAGE_VERSION "4.1.4"
| #define PACKAGE_STRING "libungif 4.1.4"
| #define PACKAGE_BUGREPORT "abadger1999@sourceforge.net"
| #define PACKAGE "libungif"
| #define VERSION "4.1.4"
| #define STDC_HEADERS 1
| #define HAVE_SYS_TYPES_H 1
| #define HAVE_SYS_STAT_H 1
| #define HAVE_STDLIB_H 1
| #define HAVE_STRING_H 1
| #define HAVE_MEMORY_H 1
| #define HAVE_STRINGS_H 1
| #define HAVE_INTTYPES_H 1
| #define HAVE_STDINT_H 1
| #define HAVE_UNISTD_H 1
| #define HAVE_DLFCN_H 1
| #ifdef __cplusplus
| void exit (int);
| #endif
| /* end confdefs.h.  */
| #include <ac_nonexistent.h>
configure:5041: result: arm-linux-cpp -E
configure:5065: arm-linux-cpp -E  conftest.cc
configure:5071: $? = 0
configure:5103: arm-linux-cpp -E  conftest.cc
conftest.cc:25:28: fatal error: ac_nonexistent.h: No such file or directory
compilation terminated.
configure:5109: $? = 1
configure: failed program was:
| /* confdefs.h.  */
| 
| #define PACKAGE_NAME "libungif"
| #define PACKAGE_TARNAME "libungif"
| #define PACKAGE_VERSION "4.1.4"
| #define PACKAGE_STRING "libungif 4.1.4"
| #define PACKAGE_BUGREPORT "abadger1999@sourceforge.net"
| #define PACKAGE "libungif"
| #define VERSION "4.1.4"
| #define STDC_HEADERS 1
| #define HAVE_SYS_TYPES_H 1
| #define HAVE_SYS_STAT_H 1
| #define HAVE_STDLIB_H 1
| #define HAVE_STRING_H 1
| #define HAVE_MEMORY_H 1
| #define HAVE_STRINGS_H 1
| #define HAVE_INTTYPES_H 1
| #define HAVE_STDINT_H 1
| #define HAVE_UNISTD_H 1
| #define HAVE_DLFCN_H 1
| #ifdef __cplusplus
| void exit (int);
| #endif
| /* end confdefs.h.  */
| #include <ac_nonexistent.h>
configure:5164: checking for arm-linux-g77
configure:5193: result: no
configure:5164: checking for arm-linux-f77
configure:5193: result: no
configure:5164: checking for arm-linux-xlf
configure:5193: result: no
configure:5164: checking for arm-linux-frt
configure:5193: result: no
configure:5164: checking for arm-linux-pgf77
configure:5193: result: no
configure:5164: checking for arm-linux-fort77
configure:5193: result: no
configure:5164: checking for arm-linux-fl32
configure:5193: result: no
configure:5164: checking for arm-linux-af77
configure:5193: result: no
configure:5164: checking for arm-linux-f90
configure:5193: result: no
configure:5164: checking for arm-linux-xlf90
configure:5193: result: no
configure:5164: checking for arm-linux-pgf90
configure:5193: result: no
configure:5164: checking for arm-linux-epcf90
configure:5193: result: no
configure:5164: checking for arm-linux-f95
configure:5193: result: no
configure:5164: checking for arm-linux-fort
configure:5193: result: no
configure:5164: checking for arm-linux-xlf95
configure:5193: result: no
configure:5164: checking for arm-linux-ifc
configure:5193: result: no
configure:5164: checking for arm-linux-efc
configure:5193: result: no
configure:5164: checking for arm-linux-pgf95
configure:5193: result: no
configure:5164: checking for arm-linux-lf95
configure:5193: result: no
configure:5164: checking for arm-linux-gfortran
configure:5193: result: no
configure:5206: checking for g77
configure:5235: result: no
configure:5206: checking for f77
configure:5235: result: no
configure:5206: checking for xlf
configure:5235: result: no
configure:5206: checking for frt
configure:5235: result: no
configure:5206: checking for pgf77
configure:5235: result: no
configure:5206: checking for fort77
configure:5235: result: no
configure:5206: checking for fl32
configure:5235: result: no
configure:5206: checking for af77
configure:5235: result: no
configure:5206: checking for f90
configure:5235: result: no
configure:5206: checking for xlf90
configure:5235: result: no
configure:5206: checking for pgf90
configure:5235: result: no
configure:5206: checking for epcf90
configure:5235: result: no
configure:5206: checking for f95
configure:5235: result: no
configure:5206: checking for fort
configure:5235: result: no
configure:5206: checking for xlf95
configure:5235: result: no
configure:5206: checking for ifc
configure:5235: result: no
configure:5206: checking for efc
configure:5235: result: no
configure:5206: checking for pgf95
configure:5235: result: no
configure:5206: checking for lf95
configure:5235: result: no
configure:5206: checking for gfortran
configure:5235: result: no
configure:5247: checking for Fortran 77 compiler version
configure:5250:  --version </dev/null >&5
./configure: line 5251: --version: command not found
configure:5253: $? = 127
configure:5255:  -v </dev/null >&5
./configure: line 5256: -v: command not found
configure:5258: $? = 127
configure:5260:  -V </dev/null >&5
./configure: line 5261: -V: command not found
configure:5263: $? = 127
configure:5271: checking whether we are using the GNU Fortran 77 compiler
configure:5285:  -c  conftest.F >&5
./configure: line 5286: -c: command not found
configure:5291: $? = 127
configure: failed program was:
|       program main
| #ifndef __GNUC__
|        choke me
| #endif
| 
|       end
configure:5317: result: no
configure:5323: checking whether  accepts -g
configure:5335:  -c -g conftest.f >&5
./configure: line 5336: -c: command not found
configure:5341: $? = 127
configure: failed program was:
|       program main
| 
|       end
configure:5366: result: no
configure:5396: checking the maximum length of command line arguments
configure:5488: result: 32768
configure:5499: checking command to parse /home/cadtc/tiny4412/experiment/opt/FriendlyARM/toolschain/4.5.1/bin/arm-linux-nm -B output from arm-linux-gcc object
configure:5595: arm-linux-gcc -c -g -O2  conftest.c >&5
configure:5598: $? = 0
configure:5602: /home/cadtc/tiny4412/experiment/opt/FriendlyARM/toolschain/4.5.1/bin/arm-linux-nm -B conftest.o \| sed -n -e 's/^.*[ 	]\([ABCDGIRSTW][ABCDGIRSTW]*\)[ 	][ 	]*\([_A-Za-z][_A-Za-z0-9]*\)$/\1 \2 \2/p' \> conftest.nm
configure:5605: $? = 0
configure:5657: arm-linux-gcc -o conftest -g -O2   conftest.c conftstm.o >&5
configure:5660: $? = 0
configure:5698: result: ok
configure:5702: checking for objdir
configure:5717: result: .libs
configure:5769: checking for arm-linux-ar
configure:5785: found /home/cadtc/tiny4412/experiment/opt/FriendlyARM/toolschain/4.5.1/bin/arm-linux-ar
configure:5795: result: arm-linux-ar
configure:5849: checking for arm-linux-ranlib
configure:5865: found /home/cadtc/tiny4412/experiment/opt/FriendlyARM/toolschain/4.5.1/bin/arm-linux-ranlib
configure:5875: result: arm-linux-ranlib
configure:5929: checking for arm-linux-strip
configure:5955: result: arm-linux-strip
configure:6281: checking if arm-linux-gcc static flag  works
configure:6309: result: yes
configure:6327: checking if arm-linux-gcc supports -fno-rtti -fno-exceptions
configure:6345: arm-linux-gcc -c -g -O2  -fno-rtti -fno-exceptions conftest.c >&5
cc1: warning: command line option "-fno-rtti" is valid for C++/ObjC++ but not for C
configure:6349: $? = 0
configure:6362: result: no
configure:6377: checking for arm-linux-gcc option to produce PIC
configure:6581: result: -fPIC
configure:6589: checking if arm-linux-gcc PIC flag -fPIC works
configure:6607: arm-linux-gcc -c -g -O2  -fPIC -DPIC conftest.c >&5
configure:6611: $? = 0
configure:6624: result: yes
configure:6648: checking if arm-linux-gcc supports -c -o file.o
configure:6669: arm-linux-gcc -c -g -O2  -o out/conftest2.o conftest.c >&5
configure:6673: $? = 0
configure:6695: result: yes
configure:6721: checking whether the arm-linux-gcc linker (/home/slash/work/tiny4412_src/tiny4412/experiment/opt/FriendlyARM/toolschain/4.5.1/arm-none-linux-gnueabi/bin/ld) supports shared libraries
configure:7616: result: yes
configure:7642: checking whether -lc should be explicitly linked in
configure:7647: arm-linux-gcc -c -g -O2  conftest.c >&5
configure:7650: $? = 0
configure:7664: arm-linux-gcc -shared conftest.o  -v -Wl,-soname -Wl,conftest -o conftest 2\>\&1 \| grep  -lc  \>/dev/null 2\>\&1
configure:7667: $? = 0
configure:7679: result: no
configure:7687: checking dynamic linker characteristics
configure:8250: result: GNU/Linux ld.so
configure:8254: checking how to hardcode library paths into programs
configure:8279: result: immediate
configure:8293: checking whether stripping libraries is possible
configure:8298: result: yes
configure:9128: checking if libtool supports shared libraries
configure:9130: result: yes
configure:9133: checking whether to build shared libraries
configure:9154: result: yes
configure:9157: checking whether to build static libraries
configure:9161: result: yes
configure:9253: creating libtool
configure:9973: checking whether the arm-linux-cpp linker (/home/slash/work/tiny4412_src/tiny4412/experiment/opt/FriendlyARM/toolschain/4.5.1/arm-none-linux-gnueabi/bin/ld) supports shared libraries
configure:10860: result: yes
configure:10878: arm-linux-cpp -c   conftest.cc >&5
arm-linux-cpp: "-c" is not a valid option to the preprocessor
configure:10881: $? = 1
configure:10977: checking for arm-linux-cpp option to produce PIC
configure:11245: result: 
configure:11312: checking if arm-linux-cpp supports -c -o file.o
configure:11333: arm-linux-cpp -c   -o out/conftest2.o conftest.cc >&5
arm-linux-cpp: "-c" is not a valid option to the preprocessor
configure:11337: $? = 1
configure:11359: result: no
configure:11385: checking whether the arm-linux-cpp linker (/home/slash/work/tiny4412_src/tiny4412/experiment/opt/FriendlyARM/toolschain/4.5.1/arm-none-linux-gnueabi/bin/ld) supports shared libraries
configure:11410: result: yes
configure:11481: checking dynamic linker characteristics
configure:12044: result: GNU/Linux ld.so
configure:12048: checking how to hardcode library paths into programs
configure:12073: result: unsupported
configure:12087: checking whether stripping libraries is possible
configure:12092: result: yes
configure:19638: checking for arm-linux-gcc
configure:19664: result: arm-linux-gcc
configure:19946: checking for C compiler version
configure:19949: arm-linux-gcc --version </dev/null >&5
arm-linux-gcc (ctng-1.8.1-FA) 4.5.1
Copyright (C) 2010 Free Software Foundation, Inc.
This is free software; see the source for copying conditions.  There is NO
warranty; not even for MERCHANTABILITY or FITNESS FOR A PARTICULAR PURPOSE.

configure:19952: $? = 0
configure:19954: arm-linux-gcc -v </dev/null >&5
Using built-in specs.
COLLECT_GCC=arm-linux-gcc
COLLECT_LTO_WRAPPER=/home/slash/work/tiny4412_src/tiny4412/experiment/opt/FriendlyARM/toolschain/4.5.1/bin/../libexec/gcc/arm-none-linux-gnueabi/4.5.1/lto-wrapper
Target: arm-none-linux-gnueabi
Configured with: /work/toolchain/build/src/gcc-4.5.1/configure --build=i686-build_pc-linux-gnu --host=i686-build_pc-linux-gnu --target=arm-none-linux-gnueabi --prefix=/opt/FriendlyARM/toolschain/4.5.1 --with-sysroot=/opt/FriendlyARM/toolschain/4.5.1/arm-none-linux-gnueabi/sys-root --enable-languages=c,c++ --disable-multilib --with-cpu=arm1176jzf-s --with-tune=arm1176jzf-s --with-fpu=vfp --with-float=softfp --with-pkgversion=ctng-1.8.1-FA --with-bugurl=http://www.arm9.net/ --disable-sjlj-exceptions --enable-__cxa_atexit --disable-libmudflap --with-host-libstdcxx='-static-libgcc -Wl,-Bstatic,-lstdc++,-Bdynamic -lm' --with-gmp=/work/toolchain/build/arm-none-linux-gnueabi/build/static --with-mpfr=/work/toolchain/build/arm-none-linux-gnueabi/build/static --with-ppl=/work/toolchain/build/arm-none-linux-gnueabi/build/static --with-cloog=/work/toolchain/build/arm-none-linux-gnueabi/build/static --with-mpc=/work/toolchain/build/arm-none-linux-gnueabi/build/static --with-libelf=/work/toolchain/build/arm-none-linux-gnueabi/build/static --enable-threads=posix --with-local-prefix=/opt/FriendlyARM/toolschain/4.5.1/arm-none-linux-gnueabi/sys-root --disable-nls --enable-symvers=gnu --enable-c99 --enable-long-long
Thread model: posix
gcc version 4.5.1 (ctng-1.8.1-FA) 
configure:19957: $? = 0
configure:19959: arm-linux-gcc -V </dev/null >&5
arm-linux-gcc: '-V' option must have argument
configure:19962: $? = 1
configure:19965: checking whether we are using the GNU C compiler
configure:20021: result: yes
configure:20027: checking whether arm-linux-gcc accepts -g
configure:20078: result: yes
configure:20095: checking for arm-linux-gcc option to accept ANSI C
configure:20202: result: none needed
configure:20220: arm-linux-gcc -c -g -O2  conftest.c >&5
conftest.c:2:9: error: expected '=', ',', ';', 'asm' or '__attribute__' before 'me'
configure:20226: $? = 1
configure: failed program was:
| #ifndef __cplusplus
|   choke me
| #endif
configure:20361: checking dependency style of arm-linux-gcc
configure:20451: result: gcc3
configure:20473: checking how to run the C preprocessor
configure:20591: result: arm-linux-cpp
configure:20615: arm-linux-cpp  conftest.c
configure:20621: $? = 0
configure:20653: arm-linux-cpp  conftest.c
conftest.c:25:28: fatal error: ac_nonexistent.h: No such file or directory
compilation terminated.
configure:20659: $? = 1
configure: failed program was:
| /* confdefs.h.  */
| 
| #define PACKAGE_NAME "libungif"
| #define PACKAGE_TARNAME "libungif"
| #define PACKAGE_VERSION "4.1.4"
| #define PACKAGE_STRING "libungif 4.1.4"
| #define PACKAGE_BUGREPORT "abadger1999@sourceforge.net"
| #define PACKAGE "libungif"
| #define VERSION "4.1.4"
| #define STDC_HEADERS 1
| #define HAVE_SYS_TYPES_H 1
| #define HAVE_SYS_STAT_H 1
| #define HAVE_STDLIB_H 1
| #define HAVE_STRING_H 1
| #define HAVE_MEMORY_H 1
| #define HAVE_STRINGS_H 1
| #define HAVE_INTTYPES_H 1
| #define HAVE_STDINT_H 1
| #define HAVE_UNISTD_H 1
| #define HAVE_DLFCN_H 1
| #ifdef __cplusplus
| void exit (int);
| #endif
| /* end confdefs.h.  */
| #include <ac_nonexistent.h>
configure:20715: checking for a BSD-compatible install
configure:20770: result: /usr/bin/install -c
configure:20781: checking whether ln -s works
configure:20785: result: yes
configure:20792: checking whether make sets $(MAKE)
configure:20812: result: yes
configure:20822: checking for X
configure:20927: arm-linux-cpp  conftest.c
conftest.c:25:27: fatal error: X11/Intrinsic.h: No such file or directory
compilation terminated.
configure:20933: $? = 1
configure: failed program was:
| /* confdefs.h.  */
| 
| #define PACKAGE_NAME "libungif"
| #define PACKAGE_TARNAME "libungif"
| #define PACKAGE_VERSION "4.1.4"
| #define PACKAGE_STRING "libungif 4.1.4"
| #define PACKAGE_BUGREPORT "abadger1999@sourceforge.net"
| #define PACKAGE "libungif"
| #define VERSION "4.1.4"
| #define STDC_HEADERS 1
| #define HAVE_SYS_TYPES_H 1
| #define HAVE_SYS_STAT_H 1
| #define HAVE_STDLIB_H 1
| #define HAVE_STRING_H 1
| #define HAVE_MEMORY_H 1
| #define HAVE_STRINGS_H 1
| #define HAVE_INTTYPES_H 1
| #define HAVE_STDINT_H 1
| #define HAVE_UNISTD_H 1
| #define HAVE_DLFCN_H 1
| #ifdef __cplusplus
| void exit (int);
| #endif
| /* end confdefs.h.  */
| #include <X11/Intrinsic.h>
configure:20983: arm-linux-gcc -o conftest -g -O2   conftest.c -lXt  >&5
conftest.c:25:27: fatal error: X11/Intrinsic.h: No such file or directory
compilation terminated.
configure:20989: $? = 1
configure: failed program was:
| /* confdefs.h.  */
| 
| #define PACKAGE_NAME "libungif"
| #define PACKAGE_TARNAME "libungif"
| #define PACKAGE_VERSION "4.1.4"
| #define PACKAGE_STRING "libungif 4.1.4"
| #define PACKAGE_BUGREPORT "abadger1999@sourceforge.net"
| #define PACKAGE "libungif"
| #define VERSION "4.1.4"
| #define STDC_HEADERS 1
| #define HAVE_SYS_TYPES_H 1
| #define HAVE_SYS_STAT_H 1
| #define HAVE_STDLIB_H 1
| #define HAVE_STRING_H 1
| #define HAVE_MEMORY_H 1
| #define HAVE_STRINGS_H 1
| #define HAVE_INTTYPES_H 1
| #define HAVE_STDINT_H 1
| #define HAVE_UNISTD_H 1
| #define HAVE_DLFCN_H 1
| #ifdef __cplusplus
| void exit (int);
| #endif
| /* end confdefs.h.  */
| #include <X11/Intrinsic.h>
| int
| main ()
| {
| XtMalloc (0)
|   ;
|   return 0;
| }
configure:21042: result: no
configure:22212: checking for pow in -lm
configure:22242: arm-linux-gcc -o conftest -g -O2   conftest.c -lm   >&5
conftest.c:33:6: warning: conflicting types for built-in function 'pow'
configure:22248: $? = 0
configure:22252: test -z 
			 || test ! -s conftest.err
configure:22255: $? = 0
configure:22258: test -s conftest
configure:22261: $? = 0
configure:22274: result: yes
configure:22283: checking for rle_hdr_init in -lrle
configure:22313: arm-linux-gcc -o conftest -g -O2   conftest.c -lrle -lm   >&5
/home/slash/work/tiny4412_src/tiny4412/experiment/opt/FriendlyARM/toolschain/4.5.1/bin/../lib/gcc/arm-none-linux-gnueabi/4.5.1/../../../../arm-none-linux-gnueabi/bin/ld: cannot find -lrle
collect2: ld returned 1 exit status
configure:22319: $? = 1
configure: failed program was:
| /* confdefs.h.  */
| 
| #define PACKAGE_NAME "libungif"
| #define PACKAGE_TARNAME "libungif"
| #define PACKAGE_VERSION "4.1.4"
| #define PACKAGE_STRING "libungif 4.1.4"
| #define PACKAGE_BUGREPORT "abadger1999@sourceforge.net"
| #define PACKAGE "libungif"
| #define VERSION "4.1.4"
| #define STDC_HEADERS 1
| #define HAVE_SYS_TYPES_H 1
| #define HAVE_SYS_STAT_H 1
| #define HAVE_STDLIB_H 1
| #define HAVE_STRING_H 1
| #define HAVE_MEMORY_H 1
| #define HAVE_STRINGS_H 1
| #define HAVE_INTTYPES_H 1
| #define HAVE_STDINT_H 1
| #define HAVE_UNISTD_H 1
| #define HAVE_DLFCN_H 1
| #ifdef __cplusplus
| void exit (int);
| #endif
| #define X_DISPLAY_MISSING 1
| /* end confdefs.h.  */
| 
| /* Override any gcc2 internal prototype to avoid an error.  */
| #ifdef __cplusplus
| extern "C"
| #endif
| /* We use char because int might match the return type of a gcc2
|    builtin and then its argument prototype would still apply.  */
| char rle_hdr_init ();
| int
| main ()
| {
| rle_hdr_init ();
|   ;
|   return 0;
| }
configure:22345: result: no
configure:22354: checking for main in -lgl_s
configure:22378: arm-linux-gcc -o conftest -g -O2   conftest.c -lgl_s   >&5
/home/slash/work/tiny4412_src/tiny4412/experiment/opt/FriendlyARM/toolschain/4.5.1/bin/../lib/gcc/arm-none-linux-gnueabi/4.5.1/../../../../arm-none-linux-gnueabi/bin/ld: cannot find -lgl_s
collect2: ld returned 1 exit status
configure:22384: $? = 1
configure: failed program was:
| /* confdefs.h.  */
| 
| #define PACKAGE_NAME "libungif"
| #define PACKAGE_TARNAME "libungif"
| #define PACKAGE_VERSION "4.1.4"
| #define PACKAGE_STRING "libungif 4.1.4"
| #define PACKAGE_BUGREPORT "abadger1999@sourceforge.net"
| #define PACKAGE "libungif"
| #define VERSION "4.1.4"
| #define STDC_HEADERS 1
| #define HAVE_SYS_TYPES_H 1
| #define HAVE_SYS_STAT_H 1
| #define HAVE_STDLIB_H 1
| #define HAVE_STRING_H 1
| #define HAVE_MEMORY_H 1
| #define HAVE_STRINGS_H 1
| #define HAVE_INTTYPES_H 1
| #define HAVE_STDINT_H 1
| #define HAVE_UNISTD_H 1
| #define HAVE_DLFCN_H 1
| #ifdef __cplusplus
| void exit (int);
| #endif
| #define X_DISPLAY_MISSING 1
| /* end confdefs.h.  */
| 
| 
| int
| main ()
| {
| main ();
|   ;
|   return 0;
| }
configure:22410: result: no
configure:22423: checking for main in -lX11
configure:22447: arm-linux-gcc -o conftest -g -O2   conftest.c -lX11   >&5
/home/slash/work/tiny4412_src/tiny4412/experiment/opt/FriendlyARM/toolschain/4.5.1/bin/../lib/gcc/arm-none-linux-gnueabi/4.5.1/../../../../arm-none-linux-gnueabi/bin/ld: cannot find -lX11
collect2: ld returned 1 exit status
configure:22453: $? = 1
configure: failed program was:
| /* confdefs.h.  */
| 
| #define PACKAGE_NAME "libungif"
| #define PACKAGE_TARNAME "libungif"
| #define PACKAGE_VERSION "4.1.4"
| #define PACKAGE_STRING "libungif 4.1.4"
| #define PACKAGE_BUGREPORT "abadger1999@sourceforge.net"
| #define PACKAGE "libungif"
| #define VERSION "4.1.4"
| #define STDC_HEADERS 1
| #define HAVE_SYS_TYPES_H 1
| #define HAVE_SYS_STAT_H 1
| #define HAVE_STDLIB_H 1
| #define HAVE_STRING_H 1
| #define HAVE_MEMORY_H 1
| #define HAVE_STRINGS_H 1
| #define HAVE_INTTYPES_H 1
| #define HAVE_STDINT_H 1
| #define HAVE_UNISTD_H 1
| #define HAVE_DLFCN_H 1
| #ifdef __cplusplus
| void exit (int);
| #endif
| #define X_DISPLAY_MISSING 1
| /* end confdefs.h.  */
| 
| 
| int
| main ()
| {
| main ();
|   ;
|   return 0;
| }
configure:22479: result: no
configure:22500: checking for ANSI C header files
configure:22656: result: yes
configure:22681: checking stdarg.h usability
configure:22693: arm-linux-gcc -c -g -O2  conftest.c >&5
configure:22699: $? = 0
configure:22703: test -z 
			 || test ! -s conftest.err
configure:22706: $? = 0
configure:22709: test -s conftest.o
configure:22712: $? = 0
configure:22722: result: yes
configure:22726: checking stdarg.h presence
configure:22736: arm-linux-cpp  conftest.c
configure:22742: $? = 0
configure:22762: result: yes
configure:22797: checking for stdarg.h
configure:22804: result: yes
configure:22827: checking for unistd.h
configure:22832: result: yes
configure:22986: checking fcntl.h usability
configure:22998: arm-linux-gcc -c -g -O2  conftest.c >&5
configure:23004: $? = 0
configure:23008: test -z 
			 || test ! -s conftest.err
configure:23011: $? = 0
configure:23014: test -s conftest.o
configure:23017: $? = 0
configure:23027: result: yes
configure:23031: checking fcntl.h presence
configure:23041: arm-linux-cpp  conftest.c
configure:23047: $? = 0
configure:23067: result: yes
configure:23102: checking for fcntl.h
configure:23109: result: yes
configure:23123: checking for an ANSI C-conforming const
configure:23190: arm-linux-gcc -c -g -O2  conftest.c >&5
configure:23196: $? = 0
configure:23200: test -z 
			 || test ! -s conftest.err
configure:23203: $? = 0
configure:23206: test -s conftest.o
configure:23209: $? = 0
configure:23220: result: yes
configure:23231: checking for working memcmp
configure:23301: result: no
configure:23312: checking for function prototypes
configure:23315: result: yes
configure:23332: checking whether setvbuf arguments are reversed
configure:23357: arm-linux-gcc -o conftest -g -O2   conftest.c  >&5
conftest.c:34:10: error: conflicting types for 'setvbuf'
/home/slash/work/tiny4412_src/tiny4412/experiment/opt/FriendlyARM/toolschain/4.5.1/bin/../lib/gcc/arm-none-linux-gnueabi/4.5.1/../../../../arm-none-linux-gnueabi/include/stdio.h:313:12: note: previous declaration of 'setvbuf' was here
configure:23363: $? = 1
configure: failed program was:
| /* confdefs.h.  */
| 
| #define PACKAGE_NAME "libungif"
| #define PACKAGE_TARNAME "libungif"
| #define PACKAGE_VERSION "4.1.4"
| #define PACKAGE_STRING "libungif 4.1.4"
| #define PACKAGE_BUGREPORT "abadger1999@sourceforge.net"
| #define PACKAGE "libungif"
| #define VERSION "4.1.4"
| #define STDC_HEADERS 1
| #define HAVE_SYS_TYPES_H 1
| #define HAVE_SYS_STAT_H 1
| #define HAVE_STDLIB_H 1
| #define HAVE_STRING_H 1
| #define HAVE_MEMORY_H 1
| #define HAVE_STRINGS_H 1
| #define HAVE_INTTYPES_H 1
| #define HAVE_STDINT_H 1
| #define HAVE_UNISTD_H 1
| #define HAVE_DLFCN_H 1
| #ifdef __cplusplus
| void exit (int);
| #endif
| #define X_DISPLAY_MISSING 1
| #define STDC_HEADERS 1
| #define HAVE_STDARG_H 1
| #define HAVE_UNISTD_H 1
| #define HAVE_FCNTL_H 1
| #define PROTOTYPES 1
| #define __PROTOTYPES 1
| /* end confdefs.h.  */
| #include <stdio.h>
| #	  if PROTOTYPES
| 	   int (setvbuf) (FILE *, int, char *, size_t);
| #	  endif
| int
| main ()
| {
| char buf; return setvbuf (stdout, _IOLBF, &buf, 1);
|   ;
|   return 0;
| }
configure:23484: result: no
configure:23498: checking for vprintf
configure:23555: arm-linux-gcc -o conftest -g -O2   conftest.c  >&5
conftest.c:56:6: warning: conflicting types for built-in function 'vprintf'
configure:23561: $? = 0
configure:23565: test -z 
			 || test ! -s conftest.err
configure:23568: $? = 0
configure:23571: test -s conftest
configure:23574: $? = 0
configure:23586: result: yes
configure:23593: checking for _doprnt
configure:23650: arm-linux-gcc -o conftest -g -O2   conftest.c  >&5
/tmp/ccMcRFfc.o: In function `main':
/home/slash/work/tiny4412_src/tiny4412/experiment/day4/3-application-exerise/panel_screen/libungif-4.1.4/conftest.c:76: undefined reference to `_doprnt'
/tmp/ccMcRFfc.o:(.data+0x0): undefined reference to `_doprnt'
collect2: ld returned 1 exit status
configure:23656: $? = 1
configure: failed program was:
| /* confdefs.h.  */
| 
| #define PACKAGE_NAME "libungif"
| #define PACKAGE_TARNAME "libungif"
| #define PACKAGE_VERSION "4.1.4"
| #define PACKAGE_STRING "libungif 4.1.4"
| #define PACKAGE_BUGREPORT "abadger1999@sourceforge.net"
| #define PACKAGE "libungif"
| #define VERSION "4.1.4"
| #define STDC_HEADERS 1
| #define HAVE_SYS_TYPES_H 1
| #define HAVE_SYS_STAT_H 1
| #define HAVE_STDLIB_H 1
| #define HAVE_STRING_H 1
| #define HAVE_MEMORY_H 1
| #define HAVE_STRINGS_H 1
| #define HAVE_INTTYPES_H 1
| #define HAVE_STDINT_H 1
| #define HAVE_UNISTD_H 1
| #define HAVE_DLFCN_H 1
| #ifdef __cplusplus
| void exit (int);
| #endif
| #define X_DISPLAY_MISSING 1
| #define STDC_HEADERS 1
| #define HAVE_STDARG_H 1
| #define HAVE_UNISTD_H 1
| #define HAVE_FCNTL_H 1
| #define PROTOTYPES 1
| #define __PROTOTYPES 1
| #define HAVE_VPRINTF 1
| /* end confdefs.h.  */
| /* Define _doprnt to an innocuous variant, in case <limits.h> declares _doprnt.
|    For example, HP-UX 11i <limits.h> declares gettimeofday.  */
| #define _doprnt innocuous__doprnt
| 
| /* System header to define __stub macros and hopefully few prototypes,
|     which can conflict with char _doprnt (); below.
|     Prefer <limits.h> to <assert.h> if __STDC__ is defined, since
|     <limits.h> exists even on freestanding compilers.  */
| 
| #ifdef __STDC__
| # include <limits.h>
| #else
| # include <assert.h>
| #endif
| 
| #undef _doprnt
| 
| /* Override any gcc2 internal prototype to avoid an error.  */
| #ifdef __cplusplus
| extern "C"
| {
| #endif
| /* We use char because int might match the return type of a gcc2
|    builtin and then its argument prototype would still apply.  */
| char _doprnt ();
| /* The GNU C library defines this for functions which it implements
|     to always fail with ENOSYS.  Some functions are actually named
|     something starting with __ and the normal name is an alias.  */
| #if defined (__stub__doprnt) || defined (__stub____doprnt)
| choke me
| #else
| char (*f) () = _doprnt;
| #endif
| #ifdef __cplusplus
| }
| #endif
| 
| int
| main ()
| {
| return f != _doprnt;
|   ;
|   return 0;
| }
configure:23681: result: no
configure:23699: checking for strdup
configure:23756: arm-linux-gcc -o conftest -g -O2   conftest.c  >&5
conftest.c:57:6: warning: conflicting types for built-in function 'strdup'
configure:23762: $? = 0
configure:23766: test -z 
			 || test ! -s conftest.err
configure:23769: $? = 0
configure:23772: test -s conftest
configure:23775: $? = 0
configure:23787: result: yes
configure:23923: creating ./config.status

## ---------------------- ##
## Running config.status. ##
## ---------------------- ##

This file was extended by libungif config.status 4.1.4, which was
generated by GNU Autoconf 2.59.  Invocation command line was

  CONFIG_FILES    = 
  CONFIG_HEADERS  = 
  CONFIG_LINKS    = 
  CONFIG_COMMANDS = 
  $ ./config.status 

on slash-huang

config.status:728: creating util/Makefile
config.status:728: creating lib/Makefile
config.status:728: creating Makefile
config.status:728: creating doc/Makefile
config.status:728: creating pic/Makefile
config.status:832: creating config.h
config.status:1138: executing depfiles commands

## ---------------- ##
## Cache variables. ##
## ---------------- ##

ac_cv_build=x86_64-unknown-linux-gnu
ac_cv_build_alias=x86_64-unknown-linux-gnu
ac_cv_c_compiler_gnu=yes
ac_cv_c_const=yes
ac_cv_cxx_compiler_gnu=no
ac_cv_env_CC_set=set
ac_cv_env_CC_value=arm-linux-gcc
ac_cv_env_CFLAGS_set=
ac_cv_env_CFLAGS_value=
ac_cv_env_CPPFLAGS_set=
ac_cv_env_CPPFLAGS_value=
ac_cv_env_CPP_set=set
ac_cv_env_CPP_value=arm-linux-cpp
ac_cv_env_CXXCPP_set=
ac_cv_env_CXXCPP_value=
ac_cv_env_CXXFLAGS_set=
ac_cv_env_CXXFLAGS_value=
ac_cv_env_CXX_set=set
ac_cv_env_CXX_value=arm-linux-cpp
ac_cv_env_F77_set=
ac_cv_env_F77_value=
ac_cv_env_FFLAGS_set=
ac_cv_env_FFLAGS_value=
ac_cv_env_LDFLAGS_set=
ac_cv_env_LDFLAGS_value=
ac_cv_env_build_alias_set=
ac_cv_env_build_alias_value=
ac_cv_env_host_alias_set=set
ac_cv_env_host_alias_value=arm-linux
ac_cv_env_target_alias_set=
ac_cv_env_target_alias_value=
ac_cv_exeext=
ac_cv_f77_compiler_gnu=no
ac_cv_func__doprnt=no
ac_cv_func_memcmp_working=no
ac_cv_func_setvbuf_reversed=no
ac_cv_func_strdup=yes
ac_cv_func_vprintf=yes
ac_cv_have_x=have_x=no
ac_cv_header_dlfcn_h=yes
ac_cv_header_fcntl_h=yes
ac_cv_header_inttypes_h=yes
ac_cv_header_memory_h=yes
ac_cv_header_stdarg_h=yes
ac_cv_header_stdc=yes
ac_cv_header_stdint_h=yes
ac_cv_header_stdlib_h=yes
ac_cv_header_string_h=yes
ac_cv_header_strings_h=yes
ac_cv_header_sys_stat_h=yes
ac_cv_header_sys_types_h=yes
ac_cv_header_unistd_h=yes
ac_cv_host=arm-unknown-linux-gnu
ac_cv_host_alias=arm-linux
ac_cv_lib_X11_main=no
ac_cv_lib_gl_s_main=no
ac_cv_lib_m_pow=yes
ac_cv_lib_rle_rle_hdr_init=no
ac_cv_objext=o
ac_cv_path_install='/usr/bin/install -c'
ac_cv_prog_AR=arm-linux-ar
ac_cv_prog_AWK=gawk
ac_cv_prog_CC=arm-linux-gcc
ac_cv_prog_CPP=arm-linux-cpp
ac_cv_prog_CXX=arm-linux-cpp
ac_cv_prog_CXXCPP='arm-linux-cpp -E'
ac_cv_prog_RANLIB=arm-linux-ranlib
ac_cv_prog_STRIP=arm-linux-strip
ac_cv_prog_cc_g=yes
ac_cv_prog_cc_stdc=
ac_cv_prog_cxx_g=no
ac_cv_prog_egrep='grep -E'
ac_cv_prog_f77_g=no
ac_cv_prog_make_make_set=yes
am_cv_CC_dependencies_compiler_type=gcc3
am_cv_CXX_dependencies_compiler_type=none
lt_cv_deplibs_check_method=pass_all
lt_cv_file_magic_cmd='$MAGIC_CMD'
lt_cv_file_magic_test_file=
lt_cv_ld_reload_flag=-r
lt_cv_objdir=.libs
lt_cv_path_LD=/home/slash/work/tiny4412_src/tiny4412/experiment/opt/FriendlyARM/toolschain/4.5.1/arm-none-linux-gnueabi/bin/ld
lt_cv_path_LDCXX=
lt_cv_path_NM='/home/cadtc/tiny4412/experiment/opt/FriendlyARM/toolschain/4.5.1/bin/arm-linux-nm -B'
lt_cv_path_SED=/bin/sed
lt_cv_prog_compiler_c_o=yes
lt_cv_prog_compiler_c_o_CXX=no
lt_cv_prog_compiler_rtti_exceptions=no
lt_cv_prog_gnu_ld=yes
lt_cv_prog_gnu_ldcxx=
lt_cv_sys_global_symbol_pipe='sed -n -e '\''s/^.*[ 	]\([ABCDGIRSTW][ABCDGIRSTW]*\)[ 	][ 	]*\([_A-Za-z][_A-Za-z0-9]*\)$/\1 \2 \2/p'\'''
lt_cv_sys_global_symbol_to_c_name_address='sed -n -e '\''s/^: \([^ ]*\) $/  {\"\1\", (lt_ptr) 0},/p'\'' -e '\''s/^[BCDEGRST] \([^ ]*\) \([^ ]*\)$/  {"\2", (lt_ptr) \&\2},/p'\'''
lt_cv_sys_global_symbol_to_cdecl='sed -n -e '\''s/^. .* \(.*\)$/extern int \1;/p'\'''
lt_cv_sys_max_cmd_len=32768
lt_lt_cv_prog_compiler_c_o='"yes"'
lt_lt_cv_prog_compiler_c_o_CXX='"no"'
lt_lt_cv_sys_global_symbol_pipe='"sed -n -e '\''s/^.*[ 	]\\([ABCDGIRSTW][ABCDGIRSTW]*\\)[ 	][ 	]*\\([_A-Za-z][_A-Za-z0-9]*\\)\$/\\1 \\2 \\2/p'\''"'
lt_lt_cv_sys_global_symbol_to_c_name_address='"sed -n -e '\''s/^: \\([^ ]*\\) \$/  {\\\"\\1\\\", (lt_ptr) 0},/p'\'' -e '\''s/^[BCDEGRST] \\([^ ]*\\) \\([^ ]*\\)\$/  {\"\\2\", (lt_ptr) \\&\\2},/p'\''"'
lt_lt_cv_sys_global_symbol_to_cdecl='"sed -n -e '\''s/^. .* \\(.*\\)\$/extern int \\1;/p'\''"'

## ----------------- ##
## Output variables. ##
## ----------------- ##

ACLOCAL='${SHELL} /home/slash/work/tiny4412_src/tiny4412/experiment/day4/3-application-exerise/panel_screen/libungif-4.1.4/missing --run aclocal-1.9'
AMDEPBACKSLASH='\'
AMDEP_FALSE='#'
AMDEP_TRUE=''
AMTAR='${SHELL} /home/slash/work/tiny4412_src/tiny4412/experiment/day4/3-application-exerise/panel_screen/libungif-4.1.4/missing --run tar'
AR='arm-linux-ar'
AUTOCONF='${SHELL} /home/slash/work/tiny4412_src/tiny4412/experiment/day4/3-application-exerise/panel_screen/libungif-4.1.4/missing --run autoconf'
AUTOHEADER='${SHELL} /home/slash/work/tiny4412_src/tiny4412/experiment/day4/3-application-exerise/panel_screen/libungif-4.1.4/missing --run autoheader'
AUTOMAKE='${SHELL} /home/slash/work/tiny4412_src/tiny4412/experiment/day4/3-application-exerise/panel_screen/libungif-4.1.4/missing --run automake-1.9'
AWK='gawk'
CC='arm-linux-gcc'
CCDEPMODE='depmode=gcc3'
CFLAGS='-g -O2'
COMPILABLE_EXTRAS=' gifclrmp gifrotat'
CPP='arm-linux-cpp'
CPPFLAGS=''
CXX='arm-linux-cpp'
CXXCPP='arm-linux-cpp -E'
CXXDEPMODE='depmode=none'
CXXFLAGS=''
CYGPATH_W='echo'
DEFS='-DHAVE_CONFIG_H'
DEPDIR='.deps'
DEVS=' '
ECHO='echo'
ECHO_C=''
ECHO_N='-n'
ECHO_T=''
EGREP='grep -E'
EXEEXT=''
F77=''
FFLAGS=''
GL_S_LIB=''
INSTALL_DATA='${INSTALL} -m 644'
INSTALL_PROGRAM='${INSTALL}'
INSTALL_SCRIPT='${INSTALL}'
INSTALL_STRIP_PROGRAM='${SHELL} $(install_sh) -c -s'
LDFLAGS=''
LIBOBJS=' memcmp$U.o'
LIBS=''
LIBTOOL='$(SHELL) $(top_builddir)/libtool'
LN_S='ln -s'
LTLIBOBJS=' memcmp$U.lo'
MAKEINFO='${SHELL} /home/slash/work/tiny4412_src/tiny4412/experiment/day4/3-application-exerise/panel_screen/libungif-4.1.4/missing --run makeinfo'
MATH_LIB=' -lm'
OBJEXT='o'
PACKAGE='libungif'
PACKAGE_BUGREPORT='abadger1999@sourceforge.net'
PACKAGE_NAME='libungif'
PACKAGE_STRING='libungif 4.1.4'
PACKAGE_TARNAME='libungif'
PACKAGE_VERSION='4.1.4'
PATH_SEPARATOR=':'
RANLIB='arm-linux-ranlib'
RLE_LIB=''
SET_MAKE=''
SHELL='/bin/bash'
STRIP='arm-linux-strip'
VERSION='4.1.4'
X11_LIB=''
X_CFLAGS=''
X_EXTRA_LIBS=''
X_LIBS=''
X_PRE_LIBS=''
ac_ct_AR=''
ac_ct_CC=''
ac_ct_CXX=''
ac_ct_F77=''
ac_ct_RANLIB=''
ac_ct_STRIP=''
am__fastdepCC_FALSE='#'
am__fastdepCC_TRUE=''
am__fastdepCXX_FALSE=''
am__fastdepCXX_TRUE='#'
am__include='include'
am__leading_dot='.'
am__quote=''
am__tar='${AMTAR} chof - "$$tardir"'
am__untar='${AMTAR} xf -'
bindir='${exec_prefix}/bin'
build='x86_64-unknown-linux-gnu'
build_alias=''
build_cpu='x86_64'
build_os='linux-gnu'
build_vendor='unknown'
datadir='${prefix}/share'
exec_prefix='${prefix}'
host='arm-unknown-linux-gnu'
host_alias='arm-linux'
host_cpu='arm'
host_os='linux-gnu'
host_vendor='unknown'
includedir='${prefix}/include'
infodir='${prefix}/info'
install_sh='/home/slash/work/tiny4412_src/tiny4412/experiment/day4/3-application-exerise/panel_screen/libungif-4.1.4/install-sh'
libdir='${exec_prefix}/lib'
libexecdir='${exec_prefix}/libexec'
localstatedir='${prefix}/var'
mandir='${prefix}/man'
mkdir_p='mkdir -p --'
oldincludedir='/usr/include'
prefix='/home/cadtc/tiny4412/experiment/day4/3-application-exerise/panel_screen/libpng-1.4.1'
program_transform_name='s,x,x,'
sbindir='${exec_prefix}/sbin'
sharedstatedir='${prefix}/com'
sysconfdir='${prefix}/etc'
target_alias=''

## ----------- ##
## confdefs.h. ##
## ----------- ##

#define HAVE_DLFCN_H 1
#define HAVE_FCNTL_H 1
#define HAVE_INTTYPES_H 1
#define HAVE_MEMORY_H 1
#define HAVE_STDARG_H 1
#define HAVE_STDINT_H 1
#define HAVE_STDLIB_H 1
#define HAVE_STRDUP 1
#define HAVE_STRINGS_H 1
#define HAVE_STRING_H 1
#define HAVE_SYS_STAT_H 1
#define HAVE_SYS_TYPES_H 1
#define HAVE_UNISTD_H 1
#define HAVE_UNISTD_H 1
#define HAVE_VPRINTF 1
#define PACKAGE "libungif"
#define PACKAGE_BUGREPORT "abadger1999@sourceforge.net"
#define PACKAGE_NAME "libungif"
#define PACKAGE_STRING "libungif 4.1.4"
#define PACKAGE_TARNAME "libungif"
#define PACKAGE_VERSION "4.1.4"
#define PROTOTYPES 1
#define STDC_HEADERS 1
#define STDC_HEADERS 1
#define VERSION "4.1.4"
#define X_DISPLAY_MISSING 1
#define __PROTOTYPES 1
#endif
#ifdef __cplusplus
void exit (int);

configure: exit 0
