This file contains any messages produced by compilers while
running configure, to aid debugging if configure makes a mistake.

It was created by libpng configure 1.4.1, which was
generated by GNU Autoconf 2.65.  Invocation command line was

  $ ./configure --host=arm-linux CC=arm-linux-gcc --prefix=/home/cadtc/tiny4412/experiment/day4/3-application-exerise/panel_screen/libpng-1.4.1

## --------- ##
## Platform. ##
## --------- ##

hostname = slash-huang
uname -m = x86_64
uname -r = 3.8.0-35-generic
uname -s = Linux
uname -v = #50~precise1-Ubuntu SMP Wed Dec 4 17:25:51 UTC 2013

/usr/bin/uname -p = unknown
/bin/uname -X     = unknown

/bin/arch              = unknown
/usr/bin/arch -k       = unknown
/usr/convex/getsysinfo = unknown
/usr/bin/hostinfo      = unknown
/bin/machine           = unknown
/usr/bin/oslevel       = unknown
/bin/universe          = unknown

PATH: /home/slash/bin
PATH: /usr/local/arm_linux_4.2/bin
PATH: /usr/lib/lightdm/lightdm
PATH: /usr/local/sbin
PATH: /usr/local/bin
PATH: /usr/sbin
PATH: /usr/bin
PATH: /sbin
PATH: /bin
PATH: /usr/games
PATH: /opt/microchip/xc16/v1.26/bin
PATH: /opt/microchip/xc16/v1.26/bin
PATH: /home/cadtc/tiny4412/experiment/opt/FriendlyARM/toolschain/4.5.1/bin


## ----------- ##
## Core tests. ##
## ----------- ##

configure:2421: checking for a BSD-compatible install
configure:2489: result: /usr/bin/install -c
configure:2500: checking whether build environment is sane
configure:2550: result: yes
configure:2599: checking for arm-linux-strip
configure:2615: found /home/cadtc/tiny4412/experiment/opt/FriendlyARM/toolschain/4.5.1/bin/arm-linux-strip
configure:2626: result: arm-linux-strip
configure:2691: checking for a thread-safe mkdir -p
configure:2730: result: /bin/mkdir -p
configure:2743: checking for gawk
configure:2759: found /usr/bin/gawk
configure:2770: result: gawk
configure:2781: checking whether make sets $(MAKE)
configure:2803: result: yes
configure:2884: checking whether to enable maintainer-specific portions of Makefiles
configure:2893: result: no
configure:2926: checking for arm-linux-gcc
configure:2953: result: arm-linux-gcc
configure:3222: checking for C compiler version
configure:3231: arm-linux-gcc --version >&5
arm-linux-gcc (ctng-1.8.1-FA) 4.5.1
Copyright (C) 2010 Free Software Foundation, Inc.
This is free software; see the source for copying conditions.  There is NO
warranty; not even for MERCHANTABILITY or FITNESS FOR A PARTICULAR PURPOSE.

configure:3242: $? = 0
configure:3231: arm-linux-gcc -v >&5
Using built-in specs.
COLLECT_GCC=arm-linux-gcc
COLLECT_LTO_WRAPPER=/home/slash/work/tiny4412_src/tiny4412/experiment/opt/FriendlyARM/toolschain/4.5.1/bin/../libexec/gcc/arm-none-linux-gnueabi/4.5.1/lto-wrapper
Target: arm-none-linux-gnueabi
Configured with: /work/toolchain/build/src/gcc-4.5.1/configure --build=i686-build_pc-linux-gnu --host=i686-build_pc-linux-gnu --target=arm-none-linux-gnueabi --prefix=/opt/FriendlyARM/toolschain/4.5.1 --with-sysroot=/opt/FriendlyARM/toolschain/4.5.1/arm-none-linux-gnueabi/sys-root --enable-languages=c,c++ --disable-multilib --with-cpu=arm1176jzf-s --with-tune=arm1176jzf-s --with-fpu=vfp --with-float=softfp --with-pkgversion=ctng-1.8.1-FA --with-bugurl=http://www.arm9.net/ --disable-sjlj-exceptions --enable-__cxa_atexit --disable-libmudflap --with-host-libstdcxx='-static-libgcc -Wl,-Bstatic,-lstdc++,-Bdynamic -lm' --with-gmp=/work/toolchain/build/arm-none-linux-gnueabi/build/static --with-mpfr=/work/toolchain/build/arm-none-linux-gnueabi/build/static --with-ppl=/work/toolchain/build/arm-none-linux-gnueabi/build/static --with-cloog=/work/toolchain/build/arm-none-linux-gnueabi/build/static --with-mpc=/work/toolchain/build/arm-none-linux-gnueabi/build/static --with-libelf=/work/toolchain/build/arm-none-linux-gnueabi/build/static --enable-threads=posix --with-local-prefix=/opt/FriendlyARM/toolschain/4.5.1/arm-none-linux-gnueabi/sys-root --disable-nls --enable-symvers=gnu --enable-c99 --enable-long-long
Thread model: posix
gcc version 4.5.1 (ctng-1.8.1-FA) 
configure:3242: $? = 0
configure:3231: arm-linux-gcc -V >&5
arm-linux-gcc: '-V' option must have argument
configure:3242: $? = 1
configure:3231: arm-linux-gcc -qversion >&5
arm-linux-gcc: unrecognized option '-qversion'
arm-linux-gcc: no input files
configure:3242: $? = 1
configure:3262: checking whether the C compiler works
configure:3284: arm-linux-gcc    conftest.c  >&5
configure:3288: $? = 0
configure:3337: result: yes
configure:3340: checking for C compiler default output file name
configure:3342: result: a.out
configure:3348: checking for suffix of executables
configure:3355: arm-linux-gcc -o conftest    conftest.c  >&5
configure:3359: $? = 0
configure:3381: result: 
configure:3403: checking whether we are cross compiling
configure:3411: arm-linux-gcc -o conftest    conftest.c  >&5
configure:3415: $? = 0
configure:3422: ./conftest
./configure: line 3424: ./conftest: cannot execute binary file
configure:3426: $? = 126
configure:3441: result: yes
configure:3446: checking for suffix of object files
configure:3468: arm-linux-gcc -c   conftest.c >&5
configure:3472: $? = 0
configure:3493: result: o
configure:3497: checking whether we are using the GNU C compiler
configure:3516: arm-linux-gcc -c   conftest.c >&5
configure:3516: $? = 0
configure:3525: result: yes
configure:3534: checking whether arm-linux-gcc accepts -g
configure:3554: arm-linux-gcc -c -g  conftest.c >&5
configure:3554: $? = 0
configure:3595: result: yes
configure:3612: checking for arm-linux-gcc option to accept ISO C89
configure:3676: arm-linux-gcc  -c -g -O2  conftest.c >&5
configure:3676: $? = 0
configure:3689: result: none needed
configure:3720: checking for style of include used by make
configure:3748: result: GNU
configure:3773: checking dependency style of arm-linux-gcc
configure:3883: result: gcc3
configure:3902: checking build system type
configure:3916: result: x86_64-unknown-linux-gnu
configure:3936: checking host system type
configure:3949: result: arm-unknown-linux-gnu
configure:3969: checking for a sed that does not truncate output
configure:4033: result: /bin/sed
configure:4051: checking for grep that handles long lines and -e
configure:4109: result: /bin/grep
configure:4114: checking for egrep
configure:4176: result: /bin/grep -E
configure:4181: checking for fgrep
configure:4243: result: /bin/grep -F
configure:4278: checking for ld used by arm-linux-gcc
configure:4345: result: /home/slash/work/tiny4412_src/tiny4412/experiment/opt/FriendlyARM/toolschain/4.5.1/arm-none-linux-gnueabi/bin/ld
configure:4352: checking if the linker (/home/slash/work/tiny4412_src/tiny4412/experiment/opt/FriendlyARM/toolschain/4.5.1/arm-none-linux-gnueabi/bin/ld) is GNU ld
configure:4367: result: yes
configure:4384: checking how to run the C preprocessor
configure:4454: result: arm-linux-cpp
configure:4474: arm-linux-cpp  conftest.c
configure:4474: $? = 0
configure:4488: arm-linux-cpp  conftest.c
conftest.c:11:28: fatal error: ac_nonexistent.h: No such file or directory
compilation terminated.
configure:4488: $? = 1
configure: failed program was:
| /* confdefs.h */
| #define PACKAGE_NAME "libpng"
| #define PACKAGE_TARNAME "libpng"
| #define PACKAGE_VERSION "1.4.1"
| #define PACKAGE_STRING "libpng 1.4.1"
| #define PACKAGE_BUGREPORT "png-mng-implement@lists.sourceforge.net"
| #define PACKAGE_URL ""
| #define PACKAGE "libpng"
| #define VERSION "1.4.1"
| /* end confdefs.h.  */
| #include <ac_nonexistent.h>
configure:4519: checking for arm-linux-sed
configure:4546: result: /bin/sed
configure:4912: checking whether ln -s works
configure:4916: result: yes
configure:4923: checking whether make sets $(MAKE)
configure:4945: result: yes
configure:4979: checking for BSD- or MS-compatible name lister (nm)
configure:5028: result: /home/cadtc/tiny4412/experiment/opt/FriendlyARM/toolschain/4.5.1/bin/arm-linux-nm -B
configure:5146: checking the name lister (/home/cadtc/tiny4412/experiment/opt/FriendlyARM/toolschain/4.5.1/bin/arm-linux-nm -B) interface
configure:5153: arm-linux-gcc -c -g -O2  conftest.c >&5
configure:5156: /home/cadtc/tiny4412/experiment/opt/FriendlyARM/toolschain/4.5.1/bin/arm-linux-nm -B "conftest.o"
configure:5159: output
00000000 B some_variable
configure:5166: result: BSD nm
configure:5170: checking the maximum length of command line arguments
configure:5290: result: 1572864
configure:5307: checking whether the shell understands some XSI constructs
configure:5317: result: yes
configure:5321: checking whether the shell understands "+="
configure:5327: result: yes
configure:5362: checking for /home/slash/work/tiny4412_src/tiny4412/experiment/opt/FriendlyARM/toolschain/4.5.1/arm-none-linux-gnueabi/bin/ld option to reload object files
configure:5369: result: -r
configure:5398: checking for arm-linux-objdump
configure:5425: result: objdump
configure:5494: checking how to recognize dependent libraries
configure:5690: result: pass_all
configure:5710: checking for arm-linux-ar
configure:5726: found /home/cadtc/tiny4412/experiment/opt/FriendlyARM/toolschain/4.5.1/bin/arm-linux-ar
configure:5737: result: arm-linux-ar
configure:5815: checking for arm-linux-strip
configure:5842: result: arm-linux-strip
configure:5914: checking for arm-linux-ranlib
configure:5930: found /home/cadtc/tiny4412/experiment/opt/FriendlyARM/toolschain/4.5.1/bin/arm-linux-ranlib
configure:5941: result: arm-linux-ranlib
configure:6071: checking command to parse /home/cadtc/tiny4412/experiment/opt/FriendlyARM/toolschain/4.5.1/bin/arm-linux-nm -B output from arm-linux-gcc object
configure:6189: arm-linux-gcc -c -g -O2  conftest.c >&5
configure:6192: $? = 0
configure:6196: /home/cadtc/tiny4412/experiment/opt/FriendlyARM/toolschain/4.5.1/bin/arm-linux-nm -B conftest.o \| sed -n -e 's/^.*[	 ]\([ABCDGIRSTW][ABCDGIRSTW]*\)[	 ][	 ]*\([_A-Za-z][_A-Za-z0-9]*\)$/\1 \2 \2/p' \> conftest.nm
configure:6199: $? = 0
configure:6253: arm-linux-gcc -o conftest -g -O2   conftest.c conftstm.o >&5
configure:6256: $? = 0
configure:6294: result: ok
configure:7099: checking for ANSI C header files
configure:7119: arm-linux-gcc -c -g -O2  conftest.c >&5
configure:7119: $? = 0
configure:7203: result: yes
configure:7216: checking for sys/types.h
configure:7216: arm-linux-gcc -c -g -O2  conftest.c >&5
configure:7216: $? = 0
configure:7216: result: yes
configure:7216: checking for sys/stat.h
configure:7216: arm-linux-gcc -c -g -O2  conftest.c >&5
configure:7216: $? = 0
configure:7216: result: yes
configure:7216: checking for stdlib.h
configure:7216: arm-linux-gcc -c -g -O2  conftest.c >&5
configure:7216: $? = 0
configure:7216: result: yes
configure:7216: checking for string.h
configure:7216: arm-linux-gcc -c -g -O2  conftest.c >&5
configure:7216: $? = 0
configure:7216: result: yes
configure:7216: checking for memory.h
configure:7216: arm-linux-gcc -c -g -O2  conftest.c >&5
configure:7216: $? = 0
configure:7216: result: yes
configure:7216: checking for strings.h
configure:7216: arm-linux-gcc -c -g -O2  conftest.c >&5
configure:7216: $? = 0
configure:7216: result: yes
configure:7216: checking for inttypes.h
configure:7216: arm-linux-gcc -c -g -O2  conftest.c >&5
configure:7216: $? = 0
configure:7216: result: yes
configure:7216: checking for stdint.h
configure:7216: arm-linux-gcc -c -g -O2  conftest.c >&5
configure:7216: $? = 0
configure:7216: result: yes
configure:7216: checking for unistd.h
configure:7216: arm-linux-gcc -c -g -O2  conftest.c >&5
configure:7216: $? = 0
configure:7216: result: yes
configure:7231: checking for dlfcn.h
configure:7231: arm-linux-gcc -c -g -O2  conftest.c >&5
configure:7231: $? = 0
configure:7231: result: yes
configure:7413: checking for objdir
configure:7428: result: .libs
configure:7720: checking if arm-linux-gcc supports -fno-rtti -fno-exceptions
configure:7738: arm-linux-gcc -c -g -O2  -fno-rtti -fno-exceptions conftest.c >&5
cc1: warning: command line option "-fno-rtti" is valid for C++/ObjC++ but not for C
configure:7742: $? = 0
configure:7755: result: no
configure:7775: checking for arm-linux-gcc option to produce PIC
configure:8047: result: -fPIC -DPIC
configure:8059: checking if arm-linux-gcc PIC flag -fPIC -DPIC works
configure:8077: arm-linux-gcc -c -g -O2  -fPIC -DPIC -DPIC conftest.c >&5
configure:8081: $? = 0
configure:8094: result: yes
configure:8118: checking if arm-linux-gcc static flag -static works
configure:8146: result: yes
configure:8161: checking if arm-linux-gcc supports -c -o file.o
configure:8182: arm-linux-gcc -c -g -O2  -o out/conftest2.o conftest.c >&5
configure:8186: $? = 0
configure:8208: result: yes
configure:8216: checking if arm-linux-gcc supports -c -o file.o
configure:8263: result: yes
configure:8296: checking whether the arm-linux-gcc linker (/home/slash/work/tiny4412_src/tiny4412/experiment/opt/FriendlyARM/toolschain/4.5.1/arm-none-linux-gnueabi/bin/ld) supports shared libraries
configure:9282: result: yes
configure:9319: checking whether -lc should be explicitly linked in
configure:9324: arm-linux-gcc -c -g -O2  conftest.c >&5
configure:9327: $? = 0
configure:9342: arm-linux-gcc -shared conftest.o  -v -Wl,-soname -Wl,conftest -o conftest 2\>\&1 \| /bin/grep  -lc  \>/dev/null 2\>\&1
configure:9345: $? = 0
configure:9357: result: no
configure:9521: checking dynamic linker characteristics
configure:9954: arm-linux-gcc -o conftest -g -O2   -Wl,-rpath -Wl,/foo conftest.c  >&5
configure:9954: $? = 0
configure:10172: result: GNU/Linux ld.so
configure:10274: checking how to hardcode library paths into programs
configure:10299: result: immediate
configure:10819: checking whether stripping libraries is possible
configure:10824: result: yes
configure:10859: checking if libtool supports shared libraries
configure:10861: result: yes
configure:10864: checking whether to build shared libraries
configure:10885: result: yes
configure:10888: checking whether to build static libraries
configure:10892: result: yes
configure:10929: checking for ANSI C header files
configure:11033: result: yes
configure:11044: checking malloc.h usability
configure:11044: arm-linux-gcc -c -g -O2  conftest.c >&5
configure:11044: $? = 0
configure:11044: result: yes
configure:11044: checking malloc.h presence
configure:11044: arm-linux-cpp  conftest.c
configure:11044: $? = 0
configure:11044: result: yes
configure:11044: checking for malloc.h
configure:11044: result: yes
configure:11044: checking for stdlib.h
configure:11044: result: yes
configure:11044: checking for string.h
configure:11044: result: yes
configure:11044: checking for strings.h
configure:11044: result: yes
configure:11057: checking for an ANSI C-conforming const
configure:11122: arm-linux-gcc -c -g -O2  conftest.c >&5
configure:11122: $? = 0
configure:11129: result: yes
configure:11137: checking for size_t
configure:11137: arm-linux-gcc -c -g -O2  conftest.c >&5
configure:11137: $? = 0
configure:11137: arm-linux-gcc -c -g -O2  conftest.c >&5
conftest.c: In function 'main':
conftest.c:64:21: error: expected expression before ')' token
configure:11137: $? = 1
configure: failed program was:
| /* confdefs.h */
| #define PACKAGE_NAME "libpng"
| #define PACKAGE_TARNAME "libpng"
| #define PACKAGE_VERSION "1.4.1"
| #define PACKAGE_STRING "libpng 1.4.1"
| #define PACKAGE_BUGREPORT "png-mng-implement@lists.sourceforge.net"
| #define PACKAGE_URL ""
| #define PACKAGE "libpng"
| #define VERSION "1.4.1"
| #define STDC_HEADERS 1
| #define HAVE_SYS_TYPES_H 1
| #define HAVE_SYS_STAT_H 1
| #define HAVE_STDLIB_H 1
| #define HAVE_STRING_H 1
| #define HAVE_MEMORY_H 1
| #define HAVE_STRINGS_H 1
| #define HAVE_INTTYPES_H 1
| #define HAVE_STDINT_H 1
| #define HAVE_UNISTD_H 1
| #define HAVE_DLFCN_H 1
| #define LT_OBJDIR ".libs/"
| #define STDC_HEADERS 1
| #define HAVE_MALLOC_H 1
| #define HAVE_STDLIB_H 1
| #define HAVE_STRING_H 1
| #define HAVE_STRINGS_H 1
| /* end confdefs.h.  */
| #include <stdio.h>
| #ifdef HAVE_SYS_TYPES_H
| # include <sys/types.h>
| #endif
| #ifdef HAVE_SYS_STAT_H
| # include <sys/stat.h>
| #endif
| #ifdef STDC_HEADERS
| # include <stdlib.h>
| # include <stddef.h>
| #else
| # ifdef HAVE_STDLIB_H
| #  include <stdlib.h>
| # endif
| #endif
| #ifdef HAVE_STRING_H
| # if !defined STDC_HEADERS && defined HAVE_MEMORY_H
| #  include <memory.h>
| # endif
| # include <string.h>
| #endif
| #ifdef HAVE_STRINGS_H
| # include <strings.h>
| #endif
| #ifdef HAVE_INTTYPES_H
| # include <inttypes.h>
| #endif
| #ifdef HAVE_STDINT_H
| # include <stdint.h>
| #endif
| #ifdef HAVE_UNISTD_H
| # include <unistd.h>
| #endif
| int
| main ()
| {
| if (sizeof ((size_t)))
| 	    return 0;
|   ;
|   return 0;
| }
configure:11137: result: yes
configure:11148: checking whether struct tm is in sys/time.h or time.h
configure:11168: arm-linux-gcc -c -g -O2  conftest.c >&5
configure:11168: $? = 0
configure:11175: result: time.h
configure:11185: checking for working strtod
configure:11236: result: no
configure:11245: checking for pow
configure:11245: arm-linux-gcc -o conftest -g -O2   conftest.c  >&5
conftest.c:51:6: warning: conflicting types for built-in function 'pow'
/tmp/ccyIXuEz.o: In function `main':
/home/slash/work/tiny4412_src/tiny4412/experiment/day4/3-application-exerise/panel_screen/libpng-1.4.1/conftest.c:62: undefined reference to `pow'
collect2: ld returned 1 exit status
configure:11245: $? = 1
configure: failed program was:
| /* confdefs.h */
| #define PACKAGE_NAME "libpng"
| #define PACKAGE_TARNAME "libpng"
| #define PACKAGE_VERSION "1.4.1"
| #define PACKAGE_STRING "libpng 1.4.1"
| #define PACKAGE_BUGREPORT "png-mng-implement@lists.sourceforge.net"
| #define PACKAGE_URL ""
| #define PACKAGE "libpng"
| #define VERSION "1.4.1"
| #define STDC_HEADERS 1
| #define HAVE_SYS_TYPES_H 1
| #define HAVE_SYS_STAT_H 1
| #define HAVE_STDLIB_H 1
| #define HAVE_STRING_H 1
| #define HAVE_MEMORY_H 1
| #define HAVE_STRINGS_H 1
| #define HAVE_INTTYPES_H 1
| #define HAVE_STDINT_H 1
| #define HAVE_UNISTD_H 1
| #define HAVE_DLFCN_H 1
| #define LT_OBJDIR ".libs/"
| #define STDC_HEADERS 1
| #define HAVE_MALLOC_H 1
| #define HAVE_STDLIB_H 1
| #define HAVE_STRING_H 1
| #define HAVE_STRINGS_H 1
| /* end confdefs.h.  */
| /* Define pow to an innocuous variant, in case <limits.h> declares pow.
|    For example, HP-UX 11i <limits.h> declares gettimeofday.  */
| #define pow innocuous_pow
| 
| /* System header to define __stub macros and hopefully few prototypes,
|     which can conflict with char pow (); below.
|     Prefer <limits.h> to <assert.h> if __STDC__ is defined, since
|     <limits.h> exists even on freestanding compilers.  */
| 
| #ifdef __STDC__
| # include <limits.h>
| #else
| # include <assert.h>
| #endif
| 
| #undef pow
| 
| /* Override any GCC internal prototype to avoid an error.
|    Use char because int might match the return type of a GCC
|    builtin and then its argument prototype would still apply.  */
| #ifdef __cplusplus
| extern "C"
| #endif
| char pow ();
| /* The GNU C library defines this for functions which it implements
|     to always fail with ENOSYS.  Some functions are actually named
|     something starting with __ and the normal name is an alias.  */
| #if defined __stub_pow || defined __stub___pow
| choke me
| #endif
| 
| int
| main ()
| {
| return pow ();
|   ;
|   return 0;
| }
configure:11245: result: no
configure:11251: checking for pow in -lm
configure:11276: arm-linux-gcc -o conftest -g -O2   conftest.c -lm   >&5
conftest.c:35:6: warning: conflicting types for built-in function 'pow'
configure:11276: $? = 0
configure:11285: result: yes
configure:11300: checking for memset
configure:11300: arm-linux-gcc -o conftest -g -O2   conftest.c  >&5
conftest.c:51:6: warning: conflicting types for built-in function 'memset'
configure:11300: $? = 0
configure:11300: result: yes
configure:11313: checking for pow
configure:11313: result: no
configure:11320: checking for pow in -lm
configure:11354: result: yes
configure:11370: checking for zlibVersion in -lz
configure:11395: arm-linux-gcc -o conftest -g -O2   conftest.c -lz  -lm  >&5
configure:11395: $? = 0
configure:11404: result: yes
configure:11427: checking if libraries can be versioned
configure:11432: result: yes
configure:11451: checking for symbol prefix
configure:11458: result: 
configure:11480: pkgconfig directory is ${libdir}/pkgconfig
configure:11632: creating ./config.status

## ---------------------- ##
## Running config.status. ##
## ---------------------- ##

This file was extended by libpng config.status 1.4.1, which was
generated by GNU Autoconf 2.65.  Invocation command line was

  CONFIG_FILES    = 
  CONFIG_HEADERS  = 
  CONFIG_LINKS    = 
  CONFIG_COMMANDS = 
  $ ./config.status 

on slash-huang

config.status:1090: creating Makefile
config.status:1090: creating libpng.pc
config.status:1090: creating libpng-config
config.status:1090: creating config.h
config.status:1310: executing depfiles commands
config.status:1310: executing libtool commands

## ---------------- ##
## Cache variables. ##
## ---------------- ##

ac_cv_build=x86_64-unknown-linux-gnu
ac_cv_c_compiler_gnu=yes
ac_cv_c_const=yes
ac_cv_env_CC_set=set
ac_cv_env_CC_value=arm-linux-gcc
ac_cv_env_CFLAGS_set=
ac_cv_env_CFLAGS_value=
ac_cv_env_CPPFLAGS_set=
ac_cv_env_CPPFLAGS_value=
ac_cv_env_CPP_set=set
ac_cv_env_CPP_value=arm-linux-cpp
ac_cv_env_LDFLAGS_set=
ac_cv_env_LDFLAGS_value=
ac_cv_env_LIBS_set=
ac_cv_env_LIBS_value=
ac_cv_env_build_alias_set=
ac_cv_env_build_alias_value=
ac_cv_env_host_alias_set=set
ac_cv_env_host_alias_value=arm-linux
ac_cv_env_target_alias_set=
ac_cv_env_target_alias_value=
ac_cv_func_memset=yes
ac_cv_func_pow=no
ac_cv_func_strtod=no
ac_cv_header_dlfcn_h=yes
ac_cv_header_inttypes_h=yes
ac_cv_header_malloc_h=yes
ac_cv_header_memory_h=yes
ac_cv_header_stdc=yes
ac_cv_header_stdint_h=yes
ac_cv_header_stdlib_h=yes
ac_cv_header_string_h=yes
ac_cv_header_strings_h=yes
ac_cv_header_sys_stat_h=yes
ac_cv_header_sys_types_h=yes
ac_cv_header_unistd_h=yes
ac_cv_host=arm-unknown-linux-gnu
ac_cv_lib_m_pow=yes
ac_cv_lib_z_zlibVersion=yes
ac_cv_objext=o
ac_cv_path_EGREP='/bin/grep -E'
ac_cv_path_FGREP='/bin/grep -F'
ac_cv_path_GREP=/bin/grep
ac_cv_path_SED=/bin/sed
ac_cv_path_install='/usr/bin/install -c'
ac_cv_path_mkdir=/bin/mkdir
ac_cv_prog_AR=arm-linux-ar
ac_cv_prog_AWK=gawk
ac_cv_prog_CC=arm-linux-gcc
ac_cv_prog_CPP=arm-linux-cpp
ac_cv_prog_OBJDUMP=objdump
ac_cv_prog_RANLIB=arm-linux-ranlib
ac_cv_prog_SED=/bin/sed
ac_cv_prog_STRIP=arm-linux-strip
ac_cv_prog_cc_c89=
ac_cv_prog_cc_g=yes
ac_cv_prog_make_make_set=yes
ac_cv_struct_tm=time.h
ac_cv_type_size_t=yes
am_cv_CC_dependencies_compiler_type=gcc3
lt_cv_deplibs_check_method=pass_all
lt_cv_file_magic_cmd='$MAGIC_CMD'
lt_cv_file_magic_test_file=
lt_cv_ld_reload_flag=-r
lt_cv_nm_interface='BSD nm'
lt_cv_objdir=.libs
lt_cv_path_LD=/home/slash/work/tiny4412_src/tiny4412/experiment/opt/FriendlyARM/toolschain/4.5.1/arm-none-linux-gnueabi/bin/ld
lt_cv_path_NM='/home/cadtc/tiny4412/experiment/opt/FriendlyARM/toolschain/4.5.1/bin/arm-linux-nm -B'
lt_cv_prog_compiler_c_o=yes
lt_cv_prog_compiler_pic_works=yes
lt_cv_prog_compiler_rtti_exceptions=no
lt_cv_prog_compiler_static_works=yes
lt_cv_prog_gnu_ld=yes
lt_cv_sys_global_symbol_pipe='sed -n -e '\''s/^.*[	 ]\([ABCDGIRSTW][ABCDGIRSTW]*\)[	 ][	 ]*\([_A-Za-z][_A-Za-z0-9]*\)$/\1 \2 \2/p'\'''
lt_cv_sys_global_symbol_to_c_name_address='sed -n -e '\''s/^: \([^ ]*\) $/  {\"\1\", (void *) 0},/p'\'' -e '\''s/^[ABCDGIRSTW]* \([^ ]*\) \([^ ]*\)$/  {"\2", (void *) \&\2},/p'\'''
lt_cv_sys_global_symbol_to_c_name_address_lib_prefix='sed -n -e '\''s/^: \([^ ]*\) $/  {\"\1\", (void *) 0},/p'\'' -e '\''s/^[ABCDGIRSTW]* \([^ ]*\) \(lib[^ ]*\)$/  {"\2", (void *) \&\2},/p'\'' -e '\''s/^[ABCDGIRSTW]* \([^ ]*\) \([^ ]*\)$/  {"lib\2", (void *) \&\2},/p'\'''
lt_cv_sys_global_symbol_to_cdecl='sed -n -e '\''s/^T .* \(.*\)$/extern int \1();/p'\'' -e '\''s/^[ABCDGIRSTW]* .* \(.*\)$/extern char \1;/p'\'''
lt_cv_sys_max_cmd_len=1572864

## ----------------- ##
## Output variables. ##
## ----------------- ##

ACLOCAL='${SHELL} /home/slash/work/tiny4412_src/tiny4412/experiment/day4/3-application-exerise/panel_screen/libpng-1.4.1/missing --run aclocal-1.11'
AMDEPBACKSLASH='\'
AMDEP_FALSE='#'
AMDEP_TRUE=''
AMTAR='${SHELL} /home/slash/work/tiny4412_src/tiny4412/experiment/day4/3-application-exerise/panel_screen/libpng-1.4.1/missing --run tar'
AR='arm-linux-ar'
AS='as'
AUTOCONF='${SHELL} /home/slash/work/tiny4412_src/tiny4412/experiment/day4/3-application-exerise/panel_screen/libpng-1.4.1/missing --run autoconf'
AUTOHEADER='${SHELL} /home/slash/work/tiny4412_src/tiny4412/experiment/day4/3-application-exerise/panel_screen/libpng-1.4.1/missing --run autoheader'
AUTOMAKE='${SHELL} /home/slash/work/tiny4412_src/tiny4412/experiment/day4/3-application-exerise/panel_screen/libpng-1.4.1/missing --run automake-1.11'
AWK='gawk'
CC='arm-linux-gcc'
CCDEPMODE='depmode=gcc3'
CFLAGS='-g -O2'
CPP='arm-linux-cpp'
CPPFLAGS=''
CYGPATH_W='echo'
DEFS='-DHAVE_CONFIG_H'
DEPDIR='.deps'
DLLTOOL='dlltool'
DSYMUTIL=''
DUMPBIN=''
ECHO_C=''
ECHO_N='-n'
ECHO_T=''
EGREP='/bin/grep -E'
EXEEXT=''
FGREP='/bin/grep -F'
GREP='/bin/grep'
HAVE_LD_VERSION_SCRIPT_FALSE='#'
HAVE_LD_VERSION_SCRIPT_TRUE=''
INSTALL_DATA='${INSTALL} -m 644'
INSTALL_PROGRAM='${INSTALL}'
INSTALL_SCRIPT='${INSTALL}'
INSTALL_STRIP_PROGRAM='$(install_sh) -c -s'
LD='/home/slash/work/tiny4412_src/tiny4412/experiment/opt/FriendlyARM/toolschain/4.5.1/arm-none-linux-gnueabi/bin/ld'
LDFLAGS=''
LIBOBJS=' ${LIBOBJDIR}strtod$U.o'
LIBPNG_DEFINES='-DPNG_CONFIGURE_LIBPNG'
LIBS='-lz -lm '
LIBTOOL='$(SHELL) $(top_builddir)/libtool'
LIPO=''
LN_S='ln -s'
LTLIBOBJS=' ${LIBOBJDIR}strtod$U.lo'
MAINT='#'
MAINTAINER_MODE_FALSE=''
MAINTAINER_MODE_TRUE='#'
MAKEINFO='${SHELL} /home/slash/work/tiny4412_src/tiny4412/experiment/day4/3-application-exerise/panel_screen/libpng-1.4.1/missing --run makeinfo'
MKDIR_P='/bin/mkdir -p'
NM='/home/cadtc/tiny4412/experiment/opt/FriendlyARM/toolschain/4.5.1/bin/arm-linux-nm -B'
NMEDIT=''
OBJDUMP='objdump'
OBJEXT='o'
OTOOL64=''
OTOOL=''
PACKAGE='libpng'
PACKAGE_BUGREPORT='png-mng-implement@lists.sourceforge.net'
PACKAGE_NAME='libpng'
PACKAGE_STRING='libpng 1.4.1'
PACKAGE_TARNAME='libpng'
PACKAGE_URL=''
PACKAGE_VERSION='1.4.1'
PATH_SEPARATOR=':'
PNGLIB_MAJOR='1'
PNGLIB_MINOR='4'
PNGLIB_RELEASE='1'
PNGLIB_VERSION='1.4.1'
POW_LIB='-lm'
RANLIB='arm-linux-ranlib'
SED='/bin/sed'
SET_MAKE=''
SHELL='/bin/bash'
STRIP='arm-linux-strip'
SYMBOL_PREFIX=''
VERSION='1.4.1'
ac_ct_CC=''
ac_ct_DUMPBIN=''
am__EXEEXT_FALSE=''
am__EXEEXT_TRUE='#'
am__fastdepCC_FALSE='#'
am__fastdepCC_TRUE=''
am__include='include'
am__isrc=''
am__leading_dot='.'
am__quote=''
am__tar='${AMTAR} chof - "$$tardir"'
am__untar='${AMTAR} xf -'
binconfigs='${binconfigs}'
bindir='${exec_prefix}/bin'
build='x86_64-unknown-linux-gnu'
build_alias=''
build_cpu='x86_64'
build_os='linux-gnu'
build_vendor='unknown'
datadir='${datarootdir}'
datarootdir='${prefix}/share'
docdir='${datarootdir}/doc/${PACKAGE_TARNAME}'
dvidir='${docdir}'
exec_prefix='${prefix}'
host='arm-unknown-linux-gnu'
host_alias='arm-linux'
host_cpu='arm'
host_os='linux-gnu'
host_vendor='unknown'
htmldir='${docdir}'
includedir='${prefix}/include'
infodir='${datarootdir}/info'
install_sh='${SHELL} /home/slash/work/tiny4412_src/tiny4412/experiment/day4/3-application-exerise/panel_screen/libpng-1.4.1/install-sh'
libdir='${exec_prefix}/lib'
libexecdir='${exec_prefix}/libexec'
localedir='${datarootdir}/locale'
localstatedir='${prefix}/var'
lt_ECHO='echo'
mandir='${datarootdir}/man'
mkdir_p='/bin/mkdir -p'
oldincludedir='/usr/include'
pdfdir='${docdir}'
pkgconfigdir='${libdir}/pkgconfig'
prefix='/home/cadtc/tiny4412/experiment/day4/3-application-exerise/panel_screen/libpng-1.4.1'
program_transform_name='s,x,x,'
psdir='${docdir}'
sbindir='${exec_prefix}/sbin'
sharedstatedir='${prefix}/com'
sysconfdir='${prefix}/etc'
target_alias=''

## ----------- ##
## confdefs.h. ##
## ----------- ##

/* confdefs.h */
#define PACKAGE_NAME "libpng"
#define PACKAGE_TARNAME "libpng"
#define PACKAGE_VERSION "1.4.1"
#define PACKAGE_STRING "libpng 1.4.1"
#define PACKAGE_BUGREPORT "png-mng-implement@lists.sourceforge.net"
#define PACKAGE_URL ""
#define PACKAGE "libpng"
#define VERSION "1.4.1"
#define STDC_HEADERS 1
#define HAVE_SYS_TYPES_H 1
#define HAVE_SYS_STAT_H 1
#define HAVE_STDLIB_H 1
#define HAVE_STRING_H 1
#define HAVE_MEMORY_H 1
#define HAVE_STRINGS_H 1
#define HAVE_INTTYPES_H 1
#define HAVE_STDINT_H 1
#define HAVE_UNISTD_H 1
#define HAVE_DLFCN_H 1
#define LT_OBJDIR ".libs/"
#define STDC_HEADERS 1
#define HAVE_MALLOC_H 1
#define HAVE_STDLIB_H 1
#define HAVE_STRING_H 1
#define HAVE_STRINGS_H 1
#define HAVE_MEMSET 1
#define HAVE_LIBM 1
#define HAVE_LIBZ 1

configure: exit 0
